2022-07-01 15:43:29.1914|0|DEBUG|Microsoft.Extensions.Hosting.Internal.Host|Hosting starting 
2022-07-01 15:43:29.4271|0|INFO|Microsoft.AspNetCore.DataProtection.KeyManagement.XmlKeyManager|User profile is available. Using 'C:\Users\USER\AppData\Local\ASP.NET\DataProtection-Keys' as key repository and Windows DPAPI to encrypt keys at rest. 
2022-07-01 15:43:29.4415|0|DEBUG|Microsoft.AspNetCore.DataProtection.Repositories.FileSystemXmlRepository|Reading data from file 'C:\Users\USER\AppData\Local\ASP.NET\DataProtection-Keys\key-30869792-1458-454f-9ab8-6e26e995c870.xml'. 
2022-07-01 15:43:29.4415|0|DEBUG|Microsoft.AspNetCore.DataProtection.Repositories.FileSystemXmlRepository|Reading data from file 'C:\Users\USER\AppData\Local\ASP.NET\DataProtection-Keys\key-6e80eba1-dbb5-464b-bb70-f5327041bead.xml'. 
2022-07-01 15:43:29.4415|0|DEBUG|Microsoft.AspNetCore.DataProtection.Repositories.FileSystemXmlRepository|Reading data from file 'C:\Users\USER\AppData\Local\ASP.NET\DataProtection-Keys\key-7fe47b8f-6cda-4994-97c8-a0c6c0358b19.xml'. 
2022-07-01 15:43:29.4415|0|DEBUG|Microsoft.AspNetCore.DataProtection.Repositories.FileSystemXmlRepository|Reading data from file 'C:\Users\USER\AppData\Local\ASP.NET\DataProtection-Keys\key-f27e53c6-fda9-4b18-a305-1e72ab71cdc6.xml'. 
2022-07-01 15:43:29.4415|0|DEBUG|Microsoft.AspNetCore.DataProtection.KeyManagement.XmlKeyManager|Found key {30869792-1458-454f-9ab8-6e26e995c870}. 
2022-07-01 15:43:29.4676|0|DEBUG|Microsoft.AspNetCore.DataProtection.KeyManagement.XmlKeyManager|Found key {6e80eba1-dbb5-464b-bb70-f5327041bead}. 
2022-07-01 15:43:29.4676|0|DEBUG|Microsoft.AspNetCore.DataProtection.KeyManagement.XmlKeyManager|Found key {7fe47b8f-6cda-4994-97c8-a0c6c0358b19}. 
2022-07-01 15:43:29.4676|0|DEBUG|Microsoft.AspNetCore.DataProtection.KeyManagement.XmlKeyManager|Found key {f27e53c6-fda9-4b18-a305-1e72ab71cdc6}. 
2022-07-01 15:43:29.4761|0|DEBUG|Microsoft.AspNetCore.DataProtection.KeyManagement.DefaultKeyResolver|Considering key {30869792-1458-454f-9ab8-6e26e995c870} with expiration date 2022-09-10 17:38:21Z as default key. 
2022-07-01 15:43:29.5523|0|DEBUG|Microsoft.AspNetCore.DataProtection.TypeForwardingActivator|Forwarded activator type request from Microsoft.AspNetCore.DataProtection.XmlEncryption.DpapiXmlDecryptor, Microsoft.AspNetCore.DataProtection, Version=5.0.0.0, Culture=neutral, PublicKeyToken=adb9793829ddae60 to Microsoft.AspNetCore.DataProtection.XmlEncryption.DpapiXmlDecryptor, Microsoft.AspNetCore.DataProtection, Culture=neutral, PublicKeyToken=adb9793829ddae60 
2022-07-01 15:43:29.5523|0|DEBUG|Microsoft.AspNetCore.DataProtection.XmlEncryption.DpapiXmlDecryptor|Decrypting secret element using Windows DPAPI. 
2022-07-01 15:43:29.5523|0|DEBUG|Microsoft.AspNetCore.DataProtection.TypeForwardingActivator|Forwarded activator type request from Microsoft.AspNetCore.DataProtection.AuthenticatedEncryption.ConfigurationModel.AuthenticatedEncryptorDescriptorDeserializer, Microsoft.AspNetCore.DataProtection, Version=5.0.0.0, Culture=neutral, PublicKeyToken=adb9793829ddae60 to Microsoft.AspNetCore.DataProtection.AuthenticatedEncryption.ConfigurationModel.AuthenticatedEncryptorDescriptorDeserializer, Microsoft.AspNetCore.DataProtection, Culture=neutral, PublicKeyToken=adb9793829ddae60 
2022-07-01 15:43:29.5523|0|DEBUG|Microsoft.AspNetCore.DataProtection.AuthenticatedEncryption.CngCbcAuthenticatedEncryptorFactory|Opening CNG algorithm 'AES' from provider '(null)' with chaining mode CBC. 
2022-07-01 15:43:29.5682|0|DEBUG|Microsoft.AspNetCore.DataProtection.AuthenticatedEncryption.CngCbcAuthenticatedEncryptorFactory|Opening CNG algorithm 'SHA256' from provider '(null)' with HMAC. 
2022-07-01 15:43:29.5682|0|DEBUG|Microsoft.AspNetCore.DataProtection.KeyManagement.KeyRingProvider|Using key {30869792-1458-454f-9ab8-6e26e995c870} as the default key. 
2022-07-01 15:43:29.5682|0|DEBUG|Microsoft.AspNetCore.DataProtection.Internal.DataProtectionHostedService|Key ring with default key {30869792-1458-454f-9ab8-6e26e995c870} was loaded during application startup. 
2022-07-01 15:43:29.8916|0|DEBUG|Microsoft.AspNetCore.Hosting.Diagnostics|Loaded hosting startup assembly ResourceApi 
2022-07-01 15:43:29.8916|0|INFO|Microsoft.Hosting.Lifetime|Application started. Press Ctrl+C to shut down. 
2022-07-01 15:43:29.9969|0|INFO|Microsoft.Hosting.Lifetime|Hosting environment: Development 
2022-07-01 15:43:29.9969|0|INFO|Microsoft.Hosting.Lifetime|Content root path: C:\Users\USER\Downloads\MicroServiscesApp\MicroServicesApp\ResourceApi 
2022-07-01 15:43:29.9969|0|DEBUG|Microsoft.Extensions.Hosting.Internal.Host|Hosting started 
2022-07-01 15:43:30.0686|0|INFO|Microsoft.AspNetCore.Hosting.Diagnostics|Request starting HTTP/1.1 GET http://localhost:9410/swagger - - 
2022-07-01 15:43:30.0686|0|DEBUG|Microsoft.AspNetCore.HostFiltering.HostFilteringMiddleware|Wildcard detected, all requests with hosts will be allowed. 
2022-07-01 15:43:30.0686|0|TRACE|Microsoft.AspNetCore.HostFiltering.HostFilteringMiddleware|All hosts are allowed. 
2022-07-01 15:43:30.3128|0|INFO|Microsoft.AspNetCore.Hosting.Diagnostics|Request starting HTTP/1.1 GET http://localhost:9410/swagger/index.html - - 
2022-07-01 15:43:30.3128|0|TRACE|Microsoft.AspNetCore.HostFiltering.HostFilteringMiddleware|All hosts are allowed. 
2022-07-01 15:43:30.3493|0|INFO|Microsoft.AspNetCore.Hosting.Diagnostics|Request finished HTTP/1.1 GET http://localhost:9410/swagger - - - 301 - - 290.3513ms 
2022-07-01 15:43:32.4260|0|INFO|Microsoft.AspNetCore.Hosting.Diagnostics|Request finished HTTP/1.1 GET http://localhost:9410/swagger/index.html - - - 200 - text/html;charset=utf-8 2113.1826ms 
2022-07-01 15:43:32.4714|0|INFO|Microsoft.AspNetCore.Hosting.Diagnostics|Request starting HTTP/1.1 GET http://localhost:9410/swagger/swagger-ui-bundle.js - - 
2022-07-01 15:43:32.4714|0|TRACE|Microsoft.AspNetCore.HostFiltering.HostFilteringMiddleware|All hosts are allowed. 
2022-07-01 15:43:32.4794|0|INFO|Microsoft.AspNetCore.Hosting.Diagnostics|Request starting HTTP/1.1 GET http://localhost:9410/swagger/swagger-ui.css - - 
2022-07-01 15:43:32.4794|0|TRACE|Microsoft.AspNetCore.HostFiltering.HostFilteringMiddleware|All hosts are allowed. 
2022-07-01 15:43:32.4899|0|INFO|Microsoft.AspNetCore.Hosting.Diagnostics|Request starting HTTP/1.1 GET http://localhost:9410/swagger/swagger-ui-standalone-preset.js - - 
2022-07-01 15:43:32.4899|0|TRACE|Microsoft.AspNetCore.HostFiltering.HostFilteringMiddleware|All hosts are allowed. 
2022-07-01 15:43:32.5526|0|TRACE|Microsoft.AspNetCore.StaticFiles.StaticFileMiddleware|Range header's value is empty. 
2022-07-01 15:43:32.5526|0|TRACE|Microsoft.AspNetCore.StaticFiles.StaticFileMiddleware|Range header's value is empty. 
2022-07-01 15:43:32.5526|0|TRACE|Microsoft.AspNetCore.StaticFiles.StaticFileMiddleware|Range header's value is empty. 
2022-07-01 15:43:32.6474|0|INFO|Microsoft.AspNetCore.StaticFiles.StaticFileMiddleware|Sending file. Request path: '/swagger-ui.css'. Physical path: 'N/A' 
2022-07-01 15:43:32.6474|0|INFO|Microsoft.AspNetCore.StaticFiles.StaticFileMiddleware|Sending file. Request path: '/swagger-ui-standalone-preset.js'. Physical path: 'N/A' 
2022-07-01 15:43:32.6474|0|INFO|Microsoft.AspNetCore.Hosting.Diagnostics|Request finished HTTP/1.1 GET http://localhost:9410/swagger/swagger-ui.css - - - 200 142933 text/css 177.0445ms 
2022-07-01 15:43:32.6634|0|INFO|Microsoft.AspNetCore.Hosting.Diagnostics|Request finished HTTP/1.1 GET http://localhost:9410/swagger/swagger-ui-standalone-preset.js - - - 200 311804 application/javascript 173.4354ms 
2022-07-01 15:43:32.6634|0|INFO|Microsoft.AspNetCore.StaticFiles.StaticFileMiddleware|Sending file. Request path: '/swagger-ui-bundle.js'. Physical path: 'N/A' 
2022-07-01 15:43:32.7126|0|INFO|Microsoft.AspNetCore.Hosting.Diagnostics|Request finished HTTP/1.1 GET http://localhost:9410/swagger/swagger-ui-bundle.js - - - 200 986342 application/javascript 243.2643ms 
2022-07-01 15:43:34.5022|0|INFO|Microsoft.AspNetCore.Hosting.Diagnostics|Request starting HTTP/1.1 GET http://localhost:9410/swagger/swagger-ui-bundle.js.map - - 
2022-07-01 15:43:34.5022|0|TRACE|Microsoft.AspNetCore.HostFiltering.HostFilteringMiddleware|All hosts are allowed. 
2022-07-01 15:43:34.5042|0|DEBUG|Microsoft.AspNetCore.StaticFiles.StaticFileMiddleware|The request path /swagger-ui-bundle.js.map does not match an existing file 
2022-07-01 15:43:34.5348|0|DEBUG|Microsoft.AspNetCore.Routing.Matching.DfaMatcher|No candidates found for the request path '/swagger/swagger-ui-bundle.js.map' 
2022-07-01 15:43:34.5348|0|DEBUG|Microsoft.AspNetCore.Routing.EndpointRoutingMiddleware|Request did not match any endpoints 
2022-07-01 15:43:34.6726|0|DEBUG|Microsoft.AspNetCore.Authentication.JwtBearer.JwtBearerHandler|AuthenticationScheme: Bearer was not authenticated. 
2022-07-01 15:43:34.6758|0|INFO|Microsoft.AspNetCore.Hosting.Diagnostics|Request finished HTTP/1.1 GET http://localhost:9410/swagger/swagger-ui-bundle.js.map - - - 404 - - 173.6383ms 
2022-07-01 15:43:35.2302|0|INFO|Microsoft.AspNetCore.Hosting.Diagnostics|Request starting HTTP/1.1 GET http://localhost:9410/swagger/swagger-ui-standalone-preset.js.map - - 
2022-07-01 15:43:35.2302|0|TRACE|Microsoft.AspNetCore.HostFiltering.HostFilteringMiddleware|All hosts are allowed. 
2022-07-01 15:43:35.2302|0|DEBUG|Microsoft.AspNetCore.StaticFiles.StaticFileMiddleware|The request path /swagger-ui-standalone-preset.js.map does not match an existing file 
2022-07-01 15:43:35.2302|0|DEBUG|Microsoft.AspNetCore.Routing.Matching.DfaMatcher|No candidates found for the request path '/swagger/swagger-ui-standalone-preset.js.map' 
2022-07-01 15:43:35.2302|0|DEBUG|Microsoft.AspNetCore.Routing.EndpointRoutingMiddleware|Request did not match any endpoints 
2022-07-01 15:43:35.2302|0|DEBUG|Microsoft.AspNetCore.Authentication.JwtBearer.JwtBearerHandler|AuthenticationScheme: Bearer was not authenticated. 
2022-07-01 15:43:35.2302|0|INFO|Microsoft.AspNetCore.Hosting.Diagnostics|Request finished HTTP/1.1 GET http://localhost:9410/swagger/swagger-ui-standalone-preset.js.map - - - 404 - - 1.6049ms 
2022-07-01 15:43:35.9445|0|INFO|Microsoft.AspNetCore.Hosting.Diagnostics|Request starting HTTP/1.1 GET http://localhost:9410/swagger/v1/swagger.json - - 
2022-07-01 15:43:35.9445|0|TRACE|Microsoft.AspNetCore.HostFiltering.HostFilteringMiddleware|All hosts are allowed. 
2022-07-01 15:43:36.1035|0|INFO|Microsoft.AspNetCore.Hosting.Diagnostics|Request finished HTTP/1.1 GET http://localhost:9410/swagger/v1/swagger.json - - - 200 - application/json;charset=utf-8 158.9103ms 
2022-07-01 15:44:48.0403|0|INFO|Microsoft.AspNetCore.Hosting.Diagnostics|Request starting HTTP/1.1 OPTIONS http://localhost:9410/api/Tests/GetTests/0 - - 
2022-07-01 15:44:48.0403|0|TRACE|Microsoft.AspNetCore.HostFiltering.HostFilteringMiddleware|All hosts are allowed. 
2022-07-01 15:44:48.0403|0|DEBUG|Microsoft.AspNetCore.StaticFiles.StaticFileMiddleware|OPTIONS requests are not supported 
2022-07-01 15:44:48.0659|0|DEBUG|Microsoft.AspNetCore.Routing.Matching.DfaMatcher|1 candidate(s) found for the request path '/api/Tests/GetTests/0' 
2022-07-01 15:44:48.0664|0|DEBUG|Microsoft.AspNetCore.Routing.EndpointRoutingMiddleware|Request matched endpoint '405 HTTP Method Not Supported' 
2022-07-01 15:44:48.0664|0|DEBUG|Microsoft.AspNetCore.Cors.Infrastructure.CorsService|The request has an origin header: 'http://localhost:4200'. 
2022-07-01 15:44:48.0664|0|INFO|Microsoft.AspNetCore.Cors.Infrastructure.CorsService|CORS policy execution successful. 
2022-07-01 15:44:48.0664|0|DEBUG|Microsoft.AspNetCore.Cors.Infrastructure.CorsService|The request is a preflight request. 
2022-07-01 15:44:48.0664|0|INFO|Microsoft.AspNetCore.Hosting.Diagnostics|Request finished HTTP/1.1 OPTIONS http://localhost:9410/api/Tests/GetTests/0 - - - 204 - - 39.6837ms 
2022-07-01 15:44:48.0974|0|INFO|Microsoft.AspNetCore.Hosting.Diagnostics|Request starting HTTP/1.1 GET http://localhost:9410/api/Tests/GetTests/0 - - 
2022-07-01 15:44:48.0974|0|TRACE|Microsoft.AspNetCore.HostFiltering.HostFilteringMiddleware|All hosts are allowed. 
2022-07-01 15:44:48.0974|0|DEBUG|Microsoft.AspNetCore.StaticFiles.StaticFileMiddleware|The request path  does not match the path filter 
2022-07-01 15:44:48.0974|0|DEBUG|Microsoft.AspNetCore.Routing.Matching.DfaMatcher|1 candidate(s) found for the request path '/api/Tests/GetTests/0' 
2022-07-01 15:44:48.0974|0|DEBUG|Microsoft.AspNetCore.Routing.Matching.DfaMatcher|Endpoint 'ResourceApi.Controllers.TestsController.GetTests (ResourceApi)' with route pattern 'api/Tests/GetTests/{page}' is valid for the request path '/api/Tests/GetTests/0' 
2022-07-01 15:44:48.0974|0|DEBUG|Microsoft.AspNetCore.Routing.EndpointRoutingMiddleware|Request matched endpoint 'ResourceApi.Controllers.TestsController.GetTests (ResourceApi)' 
2022-07-01 15:44:48.0974|0|DEBUG|Microsoft.AspNetCore.Cors.Infrastructure.CorsService|The request has an origin header: 'http://localhost:4200'. 
2022-07-01 15:44:48.0974|0|INFO|Microsoft.AspNetCore.Cors.Infrastructure.CorsService|CORS policy execution successful. 
2022-07-01 15:44:48.4218|0|INFO|Microsoft.AspNetCore.Authentication.JwtBearer.JwtBearerHandler|Failed to validate the token. Microsoft.IdentityModel.Tokens.SecurityTokenExpiredException: IDX10223: Lifetime validation failed. The token is expired. ValidTo: '6/27/2022 7:52:10 PM', Current time: '7/1/2022 12:44:48 PM'.
   at Microsoft.IdentityModel.Tokens.Validators.ValidateLifetime(Nullable`1 notBefore, Nullable`1 expires, SecurityToken securityToken, TokenValidationParameters validationParameters)
   at System.IdentityModel.Tokens.Jwt.JwtSecurityTokenHandler.ValidateLifetime(Nullable`1 notBefore, Nullable`1 expires, JwtSecurityToken jwtToken, TokenValidationParameters validationParameters)
   at System.IdentityModel.Tokens.Jwt.JwtSecurityTokenHandler.ValidateTokenPayload(JwtSecurityToken jwtToken, TokenValidationParameters validationParameters, BaseConfiguration configuration)
   at System.IdentityModel.Tokens.Jwt.JwtSecurityTokenHandler.ValidateJWS(String token, TokenValidationParameters validationParameters, BaseConfiguration currentConfiguration, SecurityToken& signatureValidatedToken, ExceptionDispatchInfo& exceptionThrown)
--- End of stack trace from previous location ---
   at System.IdentityModel.Tokens.Jwt.JwtSecurityTokenHandler.ValidateToken(String token, JwtSecurityToken outerToken, TokenValidationParameters validationParameters, SecurityToken& signatureValidatedToken)
   at System.IdentityModel.Tokens.Jwt.JwtSecurityTokenHandler.ValidateToken(String token, TokenValidationParameters validationParameters, SecurityToken& validatedToken)
   at Microsoft.AspNetCore.Authentication.JwtBearer.JwtBearerHandler.HandleAuthenticateAsync()
2022-07-01 15:44:48.5051|0|INFO|Microsoft.AspNetCore.Authentication.JwtBearer.JwtBearerHandler|Bearer was not authenticated. Failure message: IDX10223: Lifetime validation failed. The token is expired. ValidTo: '6/27/2022 7:52:10 PM', Current time: '7/1/2022 12:44:48 PM'. 
2022-07-01 15:44:48.5051|0|INFO|Microsoft.AspNetCore.Routing.EndpointMiddleware|Executing endpoint 'ResourceApi.Controllers.TestsController.GetTests (ResourceApi)' 
2022-07-01 15:44:48.5051|0|DEBUG|Microsoft.AspNetCore.Mvc.ModelBinding.ModelBinderFactory|Registered model binder providers, in the following order: Microsoft.AspNetCore.Mvc.ModelBinding.Binders.BinderTypeModelBinderProvider, Microsoft.AspNetCore.Mvc.ModelBinding.Binders.ServicesModelBinderProvider, Microsoft.AspNetCore.Mvc.ModelBinding.Binders.BodyModelBinderProvider, Microsoft.AspNetCore.Mvc.ModelBinding.Binders.HeaderModelBinderProvider, Microsoft.AspNetCore.Mvc.ModelBinding.Binders.FloatingPointTypeModelBinderProvider, Microsoft.AspNetCore.Mvc.ModelBinding.Binders.EnumTypeModelBinderProvider, Microsoft.AspNetCore.Mvc.ModelBinding.Binders.DateTimeModelBinderProvider, Microsoft.AspNetCore.Mvc.ModelBinding.Binders.SimpleTypeModelBinderProvider, Microsoft.AspNetCore.Mvc.ModelBinding.Binders.CancellationTokenModelBinderProvider, Microsoft.AspNetCore.Mvc.ModelBinding.Binders.ByteArrayModelBinderProvider, Microsoft.AspNetCore.Mvc.ModelBinding.Binders.FormFileModelBinderProvider, Microsoft.AspNetCore.Mvc.ModelBinding.Binders.FormCollectionModelBinderProvider, Microsoft.AspNetCore.Mvc.ModelBinding.Binders.KeyValuePairModelBinderProvider, Microsoft.AspNetCore.Mvc.ModelBinding.Binders.DictionaryModelBinderProvider, Microsoft.AspNetCore.Mvc.ModelBinding.Binders.ArrayModelBinderProvider, Microsoft.AspNetCore.Mvc.ModelBinding.Binders.CollectionModelBinderProvider, Microsoft.AspNetCore.Mvc.ModelBinding.Binders.ComplexObjectModelBinderProvider 
2022-07-01 15:44:48.5513|0|INFO|Microsoft.AspNetCore.Mvc.Infrastructure.ControllerActionInvoker|Route matched with {action = "GetTests", controller = "Tests"}. Executing controller action with signature System.Threading.Tasks.Task`1[Microsoft.AspNetCore.Mvc.IActionResult] GetTests(System.String, Int32) on controller ResourceApi.Controllers.TestsController (ResourceApi). 
2022-07-01 15:44:48.5513|0|DEBUG|Microsoft.AspNetCore.Mvc.Infrastructure.ControllerActionInvoker|Execution plan of authorization filters (in the following order): None 
2022-07-01 15:44:48.5513|0|DEBUG|Microsoft.AspNetCore.Mvc.Infrastructure.ControllerActionInvoker|Execution plan of resource filters (in the following order): None 
2022-07-01 15:44:48.5513|0|DEBUG|Microsoft.AspNetCore.Mvc.Infrastructure.ControllerActionInvoker|Execution plan of action filters (in the following order): Microsoft.AspNetCore.Mvc.ModelBinding.UnsupportedContentTypeFilter (Order: -3000), Microsoft.AspNetCore.Mvc.Infrastructure.ModelStateInvalidFilter (Order: -2000) 
2022-07-01 15:44:48.5513|0|DEBUG|Microsoft.AspNetCore.Mvc.Infrastructure.ControllerActionInvoker|Execution plan of exception filters (in the following order): None 
2022-07-01 15:44:48.5513|0|DEBUG|Microsoft.AspNetCore.Mvc.Infrastructure.ControllerActionInvoker|Execution plan of result filters (in the following order): Microsoft.AspNetCore.Mvc.Infrastructure.ClientErrorResultFilter (Order: -2000) 
2022-07-01 15:44:48.5513|0|DEBUG|Microsoft.AspNetCore.Mvc.Infrastructure.ControllerActionInvoker|Executing controller factory for controller ResourceApi.Controllers.TestsController (ResourceApi) 
2022-07-01 15:44:48.8803|0|DEBUG|Microsoft.EntityFrameworkCore.Infrastructure|An 'IServiceProvider' was created for internal use by Entity Framework. 
2022-07-01 15:48:54.6715|0|DEBUG|Microsoft.Extensions.Hosting.Internal.Host|Hosting starting 
2022-07-01 15:48:54.7649|0|INFO|Microsoft.AspNetCore.DataProtection.KeyManagement.XmlKeyManager|User profile is available. Using 'C:\Users\USER\AppData\Local\ASP.NET\DataProtection-Keys' as key repository and Windows DPAPI to encrypt keys at rest. 
2022-07-01 15:48:54.7796|0|DEBUG|Microsoft.AspNetCore.DataProtection.Repositories.FileSystemXmlRepository|Reading data from file 'C:\Users\USER\AppData\Local\ASP.NET\DataProtection-Keys\key-30869792-1458-454f-9ab8-6e26e995c870.xml'. 
2022-07-01 15:48:54.7796|0|DEBUG|Microsoft.AspNetCore.DataProtection.Repositories.FileSystemXmlRepository|Reading data from file 'C:\Users\USER\AppData\Local\ASP.NET\DataProtection-Keys\key-6e80eba1-dbb5-464b-bb70-f5327041bead.xml'. 
2022-07-01 15:48:54.7796|0|DEBUG|Microsoft.AspNetCore.DataProtection.Repositories.FileSystemXmlRepository|Reading data from file 'C:\Users\USER\AppData\Local\ASP.NET\DataProtection-Keys\key-7fe47b8f-6cda-4994-97c8-a0c6c0358b19.xml'. 
2022-07-01 15:48:54.7796|0|DEBUG|Microsoft.AspNetCore.DataProtection.Repositories.FileSystemXmlRepository|Reading data from file 'C:\Users\USER\AppData\Local\ASP.NET\DataProtection-Keys\key-f27e53c6-fda9-4b18-a305-1e72ab71cdc6.xml'. 
2022-07-01 15:48:54.7890|0|DEBUG|Microsoft.AspNetCore.DataProtection.KeyManagement.XmlKeyManager|Found key {30869792-1458-454f-9ab8-6e26e995c870}. 
2022-07-01 15:48:54.7890|0|DEBUG|Microsoft.AspNetCore.DataProtection.KeyManagement.XmlKeyManager|Found key {6e80eba1-dbb5-464b-bb70-f5327041bead}. 
2022-07-01 15:48:54.7890|0|DEBUG|Microsoft.AspNetCore.DataProtection.KeyManagement.XmlKeyManager|Found key {7fe47b8f-6cda-4994-97c8-a0c6c0358b19}. 
2022-07-01 15:48:54.7890|0|DEBUG|Microsoft.AspNetCore.DataProtection.KeyManagement.XmlKeyManager|Found key {f27e53c6-fda9-4b18-a305-1e72ab71cdc6}. 
2022-07-01 15:48:54.8078|0|DEBUG|Microsoft.AspNetCore.DataProtection.KeyManagement.DefaultKeyResolver|Considering key {30869792-1458-454f-9ab8-6e26e995c870} with expiration date 2022-09-10 17:38:21Z as default key. 
2022-07-01 15:48:55.9015|0|DEBUG|Microsoft.AspNetCore.DataProtection.TypeForwardingActivator|Forwarded activator type request from Microsoft.AspNetCore.DataProtection.XmlEncryption.DpapiXmlDecryptor, Microsoft.AspNetCore.DataProtection, Version=5.0.0.0, Culture=neutral, PublicKeyToken=adb9793829ddae60 to Microsoft.AspNetCore.DataProtection.XmlEncryption.DpapiXmlDecryptor, Microsoft.AspNetCore.DataProtection, Culture=neutral, PublicKeyToken=adb9793829ddae60 
2022-07-01 15:48:55.9015|0|DEBUG|Microsoft.AspNetCore.DataProtection.XmlEncryption.DpapiXmlDecryptor|Decrypting secret element using Windows DPAPI. 
2022-07-01 15:48:55.9015|0|DEBUG|Microsoft.AspNetCore.DataProtection.TypeForwardingActivator|Forwarded activator type request from Microsoft.AspNetCore.DataProtection.AuthenticatedEncryption.ConfigurationModel.AuthenticatedEncryptorDescriptorDeserializer, Microsoft.AspNetCore.DataProtection, Version=5.0.0.0, Culture=neutral, PublicKeyToken=adb9793829ddae60 to Microsoft.AspNetCore.DataProtection.AuthenticatedEncryption.ConfigurationModel.AuthenticatedEncryptorDescriptorDeserializer, Microsoft.AspNetCore.DataProtection, Culture=neutral, PublicKeyToken=adb9793829ddae60 
2022-07-01 15:48:55.9108|0|DEBUG|Microsoft.AspNetCore.DataProtection.AuthenticatedEncryption.CngCbcAuthenticatedEncryptorFactory|Opening CNG algorithm 'AES' from provider '(null)' with chaining mode CBC. 
2022-07-01 15:48:55.9108|0|DEBUG|Microsoft.AspNetCore.DataProtection.AuthenticatedEncryption.CngCbcAuthenticatedEncryptorFactory|Opening CNG algorithm 'SHA256' from provider '(null)' with HMAC. 
2022-07-01 15:48:55.9108|0|DEBUG|Microsoft.AspNetCore.DataProtection.KeyManagement.KeyRingProvider|Using key {30869792-1458-454f-9ab8-6e26e995c870} as the default key. 
2022-07-01 15:48:55.9108|0|DEBUG|Microsoft.AspNetCore.DataProtection.Internal.DataProtectionHostedService|Key ring with default key {30869792-1458-454f-9ab8-6e26e995c870} was loaded during application startup. 
2022-07-01 15:48:56.2601|0|DEBUG|Microsoft.AspNetCore.Hosting.Diagnostics|Loaded hosting startup assembly ResourceApi 
2022-07-01 15:48:56.2601|0|INFO|Microsoft.Hosting.Lifetime|Application started. Press Ctrl+C to shut down. 
2022-07-01 15:48:56.5252|0|INFO|Microsoft.Hosting.Lifetime|Hosting environment: Development 
2022-07-01 15:48:56.5252|0|INFO|Microsoft.Hosting.Lifetime|Content root path: C:\Users\USER\Downloads\MicroServiscesApp\MicroServicesApp\ResourceApi 
2022-07-01 15:48:56.5252|0|DEBUG|Microsoft.Extensions.Hosting.Internal.Host|Hosting started 
2022-07-01 15:48:56.5423|0|INFO|Microsoft.AspNetCore.Hosting.Diagnostics|Request starting HTTP/1.1 GET http://localhost:9410/swagger - - 
2022-07-01 15:48:56.5423|0|DEBUG|Microsoft.AspNetCore.HostFiltering.HostFilteringMiddleware|Wildcard detected, all requests with hosts will be allowed. 
2022-07-01 15:48:56.5423|0|TRACE|Microsoft.AspNetCore.HostFiltering.HostFilteringMiddleware|All hosts are allowed. 
2022-07-01 15:48:56.6215|0|INFO|Microsoft.AspNetCore.Hosting.Diagnostics|Request starting HTTP/1.1 GET http://localhost:9410/swagger/index.html - - 
2022-07-01 15:48:56.6215|0|TRACE|Microsoft.AspNetCore.HostFiltering.HostFilteringMiddleware|All hosts are allowed. 
2022-07-01 15:48:56.6500|0|INFO|Microsoft.AspNetCore.Hosting.Diagnostics|Request finished HTTP/1.1 GET http://localhost:9410/swagger - - - 301 - - 107.7621ms 
2022-07-01 15:48:56.8132|0|INFO|Microsoft.AspNetCore.Hosting.Diagnostics|Request finished HTTP/1.1 GET http://localhost:9410/swagger/index.html - - - 200 - text/html;charset=utf-8 191.7972ms 
2022-07-01 15:48:56.8334|0|INFO|Microsoft.AspNetCore.Hosting.Diagnostics|Request starting HTTP/1.1 GET http://localhost:9410/swagger/swagger-ui.css - - 
2022-07-01 15:48:56.8334|0|TRACE|Microsoft.AspNetCore.HostFiltering.HostFilteringMiddleware|All hosts are allowed. 
2022-07-01 15:48:56.8334|0|INFO|Microsoft.AspNetCore.Hosting.Diagnostics|Request starting HTTP/1.1 GET http://localhost:9410/swagger/swagger-ui-bundle.js - - 
2022-07-01 15:48:56.8334|0|TRACE|Microsoft.AspNetCore.HostFiltering.HostFilteringMiddleware|All hosts are allowed. 
2022-07-01 15:48:56.8334|0|INFO|Microsoft.AspNetCore.Hosting.Diagnostics|Request starting HTTP/1.1 GET http://localhost:9410/swagger/swagger-ui-standalone-preset.js - - 
2022-07-01 15:48:56.8334|0|TRACE|Microsoft.AspNetCore.HostFiltering.HostFilteringMiddleware|All hosts are allowed. 
2022-07-01 15:48:56.8751|0|TRACE|Microsoft.AspNetCore.StaticFiles.StaticFileMiddleware|Range header's value is empty. 
2022-07-01 15:48:56.8751|0|TRACE|Microsoft.AspNetCore.StaticFiles.StaticFileMiddleware|Range header's value is empty. 
2022-07-01 15:48:56.8751|0|TRACE|Microsoft.AspNetCore.StaticFiles.StaticFileMiddleware|Range header's value is empty. 
2022-07-01 15:48:56.9374|0|INFO|Microsoft.AspNetCore.StaticFiles.StaticFileMiddleware|Sending file. Request path: '/swagger-ui-standalone-preset.js'. Physical path: 'N/A' 
2022-07-01 15:48:56.9374|0|INFO|Microsoft.AspNetCore.StaticFiles.StaticFileMiddleware|Sending file. Request path: '/swagger-ui.css'. Physical path: 'N/A' 
2022-07-01 15:48:56.9486|0|INFO|Microsoft.AspNetCore.Hosting.Diagnostics|Request finished HTTP/1.1 GET http://localhost:9410/swagger/swagger-ui.css - - - 200 142933 text/css 113.4514ms 
2022-07-01 15:48:56.9575|0|INFO|Microsoft.AspNetCore.Hosting.Diagnostics|Request finished HTTP/1.1 GET http://localhost:9410/swagger/swagger-ui-standalone-preset.js - - - 200 311804 application/javascript 117.0711ms 
2022-07-01 15:48:56.9575|0|INFO|Microsoft.AspNetCore.StaticFiles.StaticFileMiddleware|Sending file. Request path: '/swagger-ui-bundle.js'. Physical path: 'N/A' 
2022-07-01 15:48:56.9944|0|INFO|Microsoft.AspNetCore.Hosting.Diagnostics|Request finished HTTP/1.1 GET http://localhost:9410/swagger/swagger-ui-bundle.js - - - 200 986342 application/javascript 158.4952ms 
2022-07-01 15:48:57.2614|0|INFO|Microsoft.AspNetCore.Hosting.Diagnostics|Request starting HTTP/1.1 GET http://localhost:9410/swagger/swagger-ui-bundle.js.map - - 
2022-07-01 15:48:57.2614|0|TRACE|Microsoft.AspNetCore.HostFiltering.HostFilteringMiddleware|All hosts are allowed. 
2022-07-01 15:48:57.2614|0|DEBUG|Microsoft.AspNetCore.StaticFiles.StaticFileMiddleware|The request path /swagger-ui-bundle.js.map does not match an existing file 
2022-07-01 15:48:57.3365|0|DEBUG|Microsoft.AspNetCore.Routing.Matching.DfaMatcher|No candidates found for the request path '/swagger/swagger-ui-bundle.js.map' 
2022-07-01 15:48:57.3365|0|DEBUG|Microsoft.AspNetCore.Routing.EndpointRoutingMiddleware|Request did not match any endpoints 
2022-07-01 15:48:57.6071|0|DEBUG|Microsoft.AspNetCore.Authentication.JwtBearer.JwtBearerHandler|AuthenticationScheme: Bearer was not authenticated. 
2022-07-01 15:48:57.6071|0|INFO|Microsoft.AspNetCore.Hosting.Diagnostics|Request finished HTTP/1.1 GET http://localhost:9410/swagger/swagger-ui-bundle.js.map - - - 404 - - 349.1936ms 
2022-07-01 15:48:57.8980|0|INFO|Microsoft.AspNetCore.Hosting.Diagnostics|Request starting HTTP/1.1 GET http://localhost:9410/swagger/swagger-ui-standalone-preset.js.map - - 
2022-07-01 15:48:57.8980|0|TRACE|Microsoft.AspNetCore.HostFiltering.HostFilteringMiddleware|All hosts are allowed. 
2022-07-01 15:48:57.8980|0|DEBUG|Microsoft.AspNetCore.StaticFiles.StaticFileMiddleware|The request path /swagger-ui-standalone-preset.js.map does not match an existing file 
2022-07-01 15:48:57.8980|0|DEBUG|Microsoft.AspNetCore.Routing.Matching.DfaMatcher|No candidates found for the request path '/swagger/swagger-ui-standalone-preset.js.map' 
2022-07-01 15:48:57.8980|0|DEBUG|Microsoft.AspNetCore.Routing.EndpointRoutingMiddleware|Request did not match any endpoints 
2022-07-01 15:48:57.8980|0|DEBUG|Microsoft.AspNetCore.Authentication.JwtBearer.JwtBearerHandler|AuthenticationScheme: Bearer was not authenticated. 
2022-07-01 15:48:57.8980|0|INFO|Microsoft.AspNetCore.Hosting.Diagnostics|Request finished HTTP/1.1 GET http://localhost:9410/swagger/swagger-ui-standalone-preset.js.map - - - 404 - - 2.6907ms 
2022-07-01 15:48:57.9747|0|INFO|Microsoft.AspNetCore.Hosting.Diagnostics|Request starting HTTP/1.1 GET http://localhost:9410/swagger/v1/swagger.json - - 
2022-07-01 15:48:57.9747|0|TRACE|Microsoft.AspNetCore.HostFiltering.HostFilteringMiddleware|All hosts are allowed. 
2022-07-01 15:48:58.1102|0|INFO|Microsoft.AspNetCore.Hosting.Diagnostics|Request finished HTTP/1.1 GET http://localhost:9410/swagger/v1/swagger.json - - - 200 - application/json;charset=utf-8 135.4696ms 
2022-07-01 15:49:14.7839|0|INFO|Microsoft.AspNetCore.Hosting.Diagnostics|Request starting HTTP/1.1 OPTIONS http://localhost:9410/api/Tests/GetTests/0 - - 
2022-07-01 15:49:14.7839|0|TRACE|Microsoft.AspNetCore.HostFiltering.HostFilteringMiddleware|All hosts are allowed. 
2022-07-01 15:49:14.7856|0|DEBUG|Microsoft.AspNetCore.StaticFiles.StaticFileMiddleware|OPTIONS requests are not supported 
2022-07-01 15:49:14.8055|0|DEBUG|Microsoft.AspNetCore.Routing.Matching.DfaMatcher|1 candidate(s) found for the request path '/api/Tests/GetTests/0' 
2022-07-01 15:49:14.8055|0|DEBUG|Microsoft.AspNetCore.Routing.EndpointRoutingMiddleware|Request matched endpoint '405 HTTP Method Not Supported' 
2022-07-01 15:49:14.8165|0|DEBUG|Microsoft.AspNetCore.Cors.Infrastructure.CorsService|The request has an origin header: 'http://localhost:4200'. 
2022-07-01 15:49:14.8165|0|INFO|Microsoft.AspNetCore.Cors.Infrastructure.CorsService|CORS policy execution successful. 
2022-07-01 15:49:14.8165|0|DEBUG|Microsoft.AspNetCore.Cors.Infrastructure.CorsService|The request is a preflight request. 
2022-07-01 15:49:14.8165|0|INFO|Microsoft.AspNetCore.Hosting.Diagnostics|Request finished HTTP/1.1 OPTIONS http://localhost:9410/api/Tests/GetTests/0 - - - 204 - - 38.5057ms 
2022-07-01 15:49:14.8413|0|INFO|Microsoft.AspNetCore.Hosting.Diagnostics|Request starting HTTP/1.1 GET http://localhost:9410/api/Tests/GetTests/0 - - 
2022-07-01 15:49:14.8413|0|TRACE|Microsoft.AspNetCore.HostFiltering.HostFilteringMiddleware|All hosts are allowed. 
2022-07-01 15:49:14.8413|0|DEBUG|Microsoft.AspNetCore.StaticFiles.StaticFileMiddleware|The request path  does not match the path filter 
2022-07-01 15:49:14.8413|0|DEBUG|Microsoft.AspNetCore.Routing.Matching.DfaMatcher|1 candidate(s) found for the request path '/api/Tests/GetTests/0' 
2022-07-01 15:49:14.8413|0|DEBUG|Microsoft.AspNetCore.Routing.Matching.DfaMatcher|Endpoint 'ResourceApi.Controllers.TestsController.GetTests (ResourceApi)' with route pattern 'api/Tests/GetTests/{page}' is valid for the request path '/api/Tests/GetTests/0' 
2022-07-01 15:49:14.8471|0|DEBUG|Microsoft.AspNetCore.Routing.EndpointRoutingMiddleware|Request matched endpoint 'ResourceApi.Controllers.TestsController.GetTests (ResourceApi)' 
2022-07-01 15:49:14.8471|0|DEBUG|Microsoft.AspNetCore.Cors.Infrastructure.CorsService|The request has an origin header: 'http://localhost:4200'. 
2022-07-01 15:49:14.8471|0|INFO|Microsoft.AspNetCore.Cors.Infrastructure.CorsService|CORS policy execution successful. 
2022-07-01 15:49:15.0997|0|INFO|Microsoft.AspNetCore.Authentication.JwtBearer.JwtBearerHandler|Failed to validate the token. Microsoft.IdentityModel.Tokens.SecurityTokenExpiredException: IDX10223: Lifetime validation failed. The token is expired. ValidTo: '6/27/2022 7:52:10 PM', Current time: '7/1/2022 12:49:15 PM'.
   at Microsoft.IdentityModel.Tokens.Validators.ValidateLifetime(Nullable`1 notBefore, Nullable`1 expires, SecurityToken securityToken, TokenValidationParameters validationParameters)
   at System.IdentityModel.Tokens.Jwt.JwtSecurityTokenHandler.ValidateLifetime(Nullable`1 notBefore, Nullable`1 expires, JwtSecurityToken jwtToken, TokenValidationParameters validationParameters)
   at System.IdentityModel.Tokens.Jwt.JwtSecurityTokenHandler.ValidateTokenPayload(JwtSecurityToken jwtToken, TokenValidationParameters validationParameters, BaseConfiguration configuration)
   at System.IdentityModel.Tokens.Jwt.JwtSecurityTokenHandler.ValidateJWS(String token, TokenValidationParameters validationParameters, BaseConfiguration currentConfiguration, SecurityToken& signatureValidatedToken, ExceptionDispatchInfo& exceptionThrown)
--- End of stack trace from previous location ---
   at System.IdentityModel.Tokens.Jwt.JwtSecurityTokenHandler.ValidateToken(String token, JwtSecurityToken outerToken, TokenValidationParameters validationParameters, SecurityToken& signatureValidatedToken)
   at System.IdentityModel.Tokens.Jwt.JwtSecurityTokenHandler.ValidateToken(String token, TokenValidationParameters validationParameters, SecurityToken& validatedToken)
   at Microsoft.AspNetCore.Authentication.JwtBearer.JwtBearerHandler.HandleAuthenticateAsync()
2022-07-01 15:49:15.1467|0|INFO|Microsoft.AspNetCore.Authentication.JwtBearer.JwtBearerHandler|Bearer was not authenticated. Failure message: IDX10223: Lifetime validation failed. The token is expired. ValidTo: '6/27/2022 7:52:10 PM', Current time: '7/1/2022 12:49:15 PM'. 
2022-07-01 15:49:15.1467|0|INFO|Microsoft.AspNetCore.Routing.EndpointMiddleware|Executing endpoint 'ResourceApi.Controllers.TestsController.GetTests (ResourceApi)' 
2022-07-01 15:49:15.1467|0|DEBUG|Microsoft.AspNetCore.Mvc.ModelBinding.ModelBinderFactory|Registered model binder providers, in the following order: Microsoft.AspNetCore.Mvc.ModelBinding.Binders.BinderTypeModelBinderProvider, Microsoft.AspNetCore.Mvc.ModelBinding.Binders.ServicesModelBinderProvider, Microsoft.AspNetCore.Mvc.ModelBinding.Binders.BodyModelBinderProvider, Microsoft.AspNetCore.Mvc.ModelBinding.Binders.HeaderModelBinderProvider, Microsoft.AspNetCore.Mvc.ModelBinding.Binders.FloatingPointTypeModelBinderProvider, Microsoft.AspNetCore.Mvc.ModelBinding.Binders.EnumTypeModelBinderProvider, Microsoft.AspNetCore.Mvc.ModelBinding.Binders.DateTimeModelBinderProvider, Microsoft.AspNetCore.Mvc.ModelBinding.Binders.SimpleTypeModelBinderProvider, Microsoft.AspNetCore.Mvc.ModelBinding.Binders.CancellationTokenModelBinderProvider, Microsoft.AspNetCore.Mvc.ModelBinding.Binders.ByteArrayModelBinderProvider, Microsoft.AspNetCore.Mvc.ModelBinding.Binders.FormFileModelBinderProvider, Microsoft.AspNetCore.Mvc.ModelBinding.Binders.FormCollectionModelBinderProvider, Microsoft.AspNetCore.Mvc.ModelBinding.Binders.KeyValuePairModelBinderProvider, Microsoft.AspNetCore.Mvc.ModelBinding.Binders.DictionaryModelBinderProvider, Microsoft.AspNetCore.Mvc.ModelBinding.Binders.ArrayModelBinderProvider, Microsoft.AspNetCore.Mvc.ModelBinding.Binders.CollectionModelBinderProvider, Microsoft.AspNetCore.Mvc.ModelBinding.Binders.ComplexObjectModelBinderProvider 
2022-07-01 15:49:15.1866|0|INFO|Microsoft.AspNetCore.Mvc.Infrastructure.ControllerActionInvoker|Route matched with {action = "GetTests", controller = "Tests"}. Executing controller action with signature System.Threading.Tasks.Task`1[Microsoft.AspNetCore.Mvc.IActionResult] GetTests(System.String, Int32) on controller ResourceApi.Controllers.TestsController (ResourceApi). 
2022-07-01 15:49:15.1866|0|DEBUG|Microsoft.AspNetCore.Mvc.Infrastructure.ControllerActionInvoker|Execution plan of authorization filters (in the following order): None 
2022-07-01 15:49:15.1866|0|DEBUG|Microsoft.AspNetCore.Mvc.Infrastructure.ControllerActionInvoker|Execution plan of resource filters (in the following order): None 
2022-07-01 15:49:15.1866|0|DEBUG|Microsoft.AspNetCore.Mvc.Infrastructure.ControllerActionInvoker|Execution plan of action filters (in the following order): Microsoft.AspNetCore.Mvc.ModelBinding.UnsupportedContentTypeFilter (Order: -3000), Microsoft.AspNetCore.Mvc.Infrastructure.ModelStateInvalidFilter (Order: -2000) 
2022-07-01 15:49:15.1866|0|DEBUG|Microsoft.AspNetCore.Mvc.Infrastructure.ControllerActionInvoker|Execution plan of exception filters (in the following order): None 
2022-07-01 15:49:15.1866|0|DEBUG|Microsoft.AspNetCore.Mvc.Infrastructure.ControllerActionInvoker|Execution plan of result filters (in the following order): Microsoft.AspNetCore.Mvc.Infrastructure.ClientErrorResultFilter (Order: -2000) 
2022-07-01 15:49:15.1866|0|DEBUG|Microsoft.AspNetCore.Mvc.Infrastructure.ControllerActionInvoker|Executing controller factory for controller ResourceApi.Controllers.TestsController (ResourceApi) 
2022-07-01 15:49:15.2898|0|DEBUG|Microsoft.EntityFrameworkCore.Infrastructure|An 'IServiceProvider' was created for internal use by Entity Framework. 
2022-07-01 15:49:15.3108|0|DEBUG|Microsoft.AspNetCore.Mvc.Infrastructure.ControllerActionInvoker|Executed controller factory for controller ResourceApi.Controllers.TestsController (ResourceApi) 
2022-07-01 15:49:15.3167|0|DEBUG|Microsoft.AspNetCore.Mvc.ModelBinding.ParameterBinder|Attempting to bind parameter 'category' of type 'System.String' ... 
2022-07-01 15:49:15.3167|0|DEBUG|Microsoft.AspNetCore.Mvc.ModelBinding.Binders.SimpleTypeModelBinder|Attempting to bind parameter 'category' of type 'System.String' using the name '' in request data ... 
2022-07-01 15:49:15.3167|0|DEBUG|Microsoft.AspNetCore.Mvc.ModelBinding.Binders.SimpleTypeModelBinder|Could not find a value in the request with name '' for binding parameter 'category' of type 'System.String'. 
2022-07-01 15:49:15.3167|0|DEBUG|Microsoft.AspNetCore.Mvc.ModelBinding.Binders.SimpleTypeModelBinder|Done attempting to bind parameter 'category' of type 'System.String'. 
2022-07-01 15:49:15.3167|0|DEBUG|Microsoft.AspNetCore.Mvc.ModelBinding.ParameterBinder|Done attempting to bind parameter 'category' of type 'System.String'. 
2022-07-01 15:49:15.3167|0|DEBUG|Microsoft.AspNetCore.Mvc.ModelBinding.ParameterBinder|Attempting to validate the bound parameter 'category' of type 'System.String' ... 
2022-07-01 15:49:15.3167|0|DEBUG|Microsoft.AspNetCore.Mvc.ModelBinding.ParameterBinder|Done attempting to validate the bound parameter 'category' of type 'System.String'. 
2022-07-01 15:49:15.3167|0|DEBUG|Microsoft.AspNetCore.Mvc.ModelBinding.ParameterBinder|Attempting to bind parameter 'page' of type 'System.Int32' ... 
2022-07-01 15:49:15.3167|0|DEBUG|Microsoft.AspNetCore.Mvc.ModelBinding.Binders.SimpleTypeModelBinder|Attempting to bind parameter 'page' of type 'System.Int32' using the name 'page' in request data ... 
2022-07-01 15:49:15.3167|0|DEBUG|Microsoft.AspNetCore.Mvc.ModelBinding.Binders.SimpleTypeModelBinder|Done attempting to bind parameter 'page' of type 'System.Int32'. 
2022-07-01 15:49:15.3167|0|DEBUG|Microsoft.AspNetCore.Mvc.ModelBinding.ParameterBinder|Done attempting to bind parameter 'page' of type 'System.Int32'. 
2022-07-01 15:49:15.3167|0|DEBUG|Microsoft.AspNetCore.Mvc.ModelBinding.ParameterBinder|Attempting to validate the bound parameter 'page' of type 'System.Int32' ... 
2022-07-01 15:49:15.3167|0|DEBUG|Microsoft.AspNetCore.Mvc.ModelBinding.ParameterBinder|Done attempting to validate the bound parameter 'page' of type 'System.Int32'. 
2022-07-01 15:49:15.3167|0|TRACE|Microsoft.AspNetCore.Mvc.Infrastructure.ControllerActionInvoker|Action Filter: Before executing OnActionExecuting on filter Microsoft.AspNetCore.Mvc.ModelBinding.UnsupportedContentTypeFilter. 
2022-07-01 15:49:15.3167|0|TRACE|Microsoft.AspNetCore.Mvc.Infrastructure.ControllerActionInvoker|Action Filter: After executing OnActionExecuting on filter Microsoft.AspNetCore.Mvc.ModelBinding.UnsupportedContentTypeFilter. 
2022-07-01 15:49:15.3167|0|TRACE|Microsoft.AspNetCore.Mvc.Infrastructure.ControllerActionInvoker|Action Filter: Before executing OnActionExecuting on filter Microsoft.AspNetCore.Mvc.Infrastructure.ModelStateInvalidFilter. 
2022-07-01 15:49:15.3167|0|TRACE|Microsoft.AspNetCore.Mvc.Infrastructure.ControllerActionInvoker|Action Filter: After executing OnActionExecuting on filter Microsoft.AspNetCore.Mvc.Infrastructure.ModelStateInvalidFilter. 
2022-07-01 15:49:15.3167|0|INFO|Microsoft.AspNetCore.Mvc.Infrastructure.ControllerActionInvoker|Executing action method ResourceApi.Controllers.TestsController.GetTests (ResourceApi) - Validation state: Valid 
2022-07-01 15:49:15.3167|0|TRACE|Microsoft.AspNetCore.Mvc.Infrastructure.ControllerActionInvoker|Executing action method ResourceApi.Controllers.TestsController.GetTests (ResourceApi) with arguments (, 0) 
2022-07-01 15:49:15.7826|0|DEBUG|Microsoft.EntityFrameworkCore.Model.Validation|The property '"modelId"."LeftAnswer"' was created in shadow state because there are no eligible CLR members with a matching name. 
2022-07-01 15:49:15.8967|0|INFO|Microsoft.EntityFrameworkCore.Infrastructure|Entity Framework Core 5.0.17 initialized 'AppDbContext' using provider 'Microsoft.EntityFrameworkCore.SqlServer' with options: None 
2022-07-01 15:49:15.9528|0|DEBUG|Microsoft.EntityFrameworkCore.Query|Compiling query expression: 
'DbSet<TestModel>()
    .Skip(__p_0)
    .Take(__p_1)' 
2022-07-01 15:49:16.0728|0|WARN|Microsoft.EntityFrameworkCore.Query|The query uses a row limiting operator ('Skip'/'Take') without an 'OrderBy' operator. This may lead to unpredictable results. 
2022-07-01 15:49:16.0728|0|WARN|Microsoft.EntityFrameworkCore.Query|The query uses a row limiting operator ('Skip'/'Take') without an 'OrderBy' operator. This may lead to unpredictable results. 
2022-07-01 15:49:16.1471|0|DEBUG|Microsoft.EntityFrameworkCore.Query|Generated query execution expression: 
'queryContext => new SingleQueryingEnumerable<TestModel>(
    (RelationalQueryContext)queryContext, 
    RelationalCommandCache.SelectExpression(
        Projection Mapping:
            EmptyProjectionMember -> Dictionary<IProperty, int> { [Property: TestModel.Id (int) Required PK AfterSave:Throw ValueGenerated.OnAdd, 0], [Property: TestModel.ActiveHelps (bool) Required, 1], [Property: TestModel.AvtorId (string), 2], [Property: TestModel.CreatedDate (DateTime) Required, 3], [Property: TestModel.Description (string) Required MaxLength(2000), 4], [Property: TestModel.LogoImagPath (string), 5], [Property: TestModel.QuestsCount (int) Required, 6], [Property: TestModel.Title (string) Required MaxLength(100), 7], }
        SELECT t.Id, t.ActiveHelps, t.AvtorId, t.CreatedDate, t.Description, t.LogoImagPath, t.QuestsCount, t.Title
        FROM testModels AS t
        ORDER BY (SELECT 1)
        OFFSET @__p_0 ROWS FETCH NEXT @__p_1 ROWS ONLY), 
    Func<QueryContext, DbDataReader, ResultContext, SingleQueryResultCoordinator, TestModel>, 
    ResourceApi.Data.AppDbContext, 
    False, 
    False
)' 
2022-07-01 15:49:16.1867|0|DEBUG|Microsoft.EntityFrameworkCore.Database.Command|Creating DbCommand for 'ExecuteReader'. 
2022-07-01 15:49:16.2337|0|DEBUG|Microsoft.EntityFrameworkCore.Database.Command|Created DbCommand for 'ExecuteReader' (46ms). 
2022-07-01 15:49:16.2447|0|DEBUG|Microsoft.EntityFrameworkCore.Database.Connection|Opening connection to database 'ResourceDb' on server '(localdb)\mssqllocaldb'. 
2022-07-01 15:49:16.9419|0|DEBUG|Microsoft.EntityFrameworkCore.Database.Connection|Opened connection to database 'ResourceDb' on server '(localdb)\mssqllocaldb'. 
2022-07-01 15:49:16.9419|0|DEBUG|Microsoft.EntityFrameworkCore.Database.Command|Executing DbCommand [Parameters=[@__p_0='?' (DbType = Int32), @__p_1='?' (DbType = Int32)], CommandType='Text', CommandTimeout='30']
SELECT [t].[Id], [t].[ActiveHelps], [t].[AvtorId], [t].[CreatedDate], [t].[Description], [t].[LogoImagPath], [t].[QuestsCount], [t].[Title]
FROM [testModels] AS [t]
ORDER BY (SELECT 1)
OFFSET @__p_0 ROWS FETCH NEXT @__p_1 ROWS ONLY 
2022-07-01 15:49:17.1523|0|INFO|Microsoft.EntityFrameworkCore.Database.Command|Executed DbCommand (205ms) [Parameters=[@__p_0='?' (DbType = Int32), @__p_1='?' (DbType = Int32)], CommandType='Text', CommandTimeout='30']
SELECT [t].[Id], [t].[ActiveHelps], [t].[AvtorId], [t].[CreatedDate], [t].[Description], [t].[LogoImagPath], [t].[QuestsCount], [t].[Title]
FROM [testModels] AS [t]
ORDER BY (SELECT 1)
OFFSET @__p_0 ROWS FETCH NEXT @__p_1 ROWS ONLY 
2022-07-01 15:49:17.1873|0|DEBUG|Microsoft.EntityFrameworkCore.ChangeTracking|Context 'AppDbContext' started tracking 'TestModel' entity. Consider using 'DbContextOptionsBuilder.EnableSensitiveDataLogging' to see key values. 
2022-07-01 15:49:17.2213|0|DEBUG|Microsoft.EntityFrameworkCore.ChangeTracking|Context 'AppDbContext' started tracking 'TestModel' entity. Consider using 'DbContextOptionsBuilder.EnableSensitiveDataLogging' to see key values. 
2022-07-01 15:49:17.2213|0|DEBUG|Microsoft.EntityFrameworkCore.ChangeTracking|Context 'AppDbContext' started tracking 'TestModel' entity. Consider using 'DbContextOptionsBuilder.EnableSensitiveDataLogging' to see key values. 
2022-07-01 15:49:17.2239|0|DEBUG|Microsoft.EntityFrameworkCore.ChangeTracking|Context 'AppDbContext' started tracking 'TestModel' entity. Consider using 'DbContextOptionsBuilder.EnableSensitiveDataLogging' to see key values. 
2022-07-01 15:49:17.2239|0|DEBUG|Microsoft.EntityFrameworkCore.Database.Command|A data reader was disposed. 
2022-07-01 15:49:17.2239|0|DEBUG|Microsoft.EntityFrameworkCore.Database.Connection|Closing connection to database 'ResourceDb' on server '(localdb)\mssqllocaldb'. 
2022-07-01 15:49:17.2239|0|DEBUG|Microsoft.EntityFrameworkCore.Database.Connection|Closed connection to database 'ResourceDb' on server '(localdb)\mssqllocaldb'. 
2022-07-01 15:49:17.2494|0|INFO|Microsoft.AspNetCore.Mvc.Infrastructure.ControllerActionInvoker|Executed action method ResourceApi.Controllers.TestsController.GetTests (ResourceApi), returned result Microsoft.AspNetCore.Mvc.OkObjectResult in 1921.3972ms. 
2022-07-01 15:49:17.2494|0|TRACE|Microsoft.AspNetCore.Mvc.Infrastructure.ControllerActionInvoker|Action Filter: Before executing OnActionExecuted on filter Microsoft.AspNetCore.Mvc.Infrastructure.ModelStateInvalidFilter. 
2022-07-01 15:49:17.2494|0|TRACE|Microsoft.AspNetCore.Mvc.Infrastructure.ControllerActionInvoker|Action Filter: After executing OnActionExecuted on filter Microsoft.AspNetCore.Mvc.Infrastructure.ModelStateInvalidFilter. 
2022-07-01 15:49:17.2494|0|TRACE|Microsoft.AspNetCore.Mvc.Infrastructure.ControllerActionInvoker|Action Filter: Before executing OnActionExecuted on filter Microsoft.AspNetCore.Mvc.ModelBinding.UnsupportedContentTypeFilter. 
2022-07-01 15:49:17.2494|0|TRACE|Microsoft.AspNetCore.Mvc.Infrastructure.ControllerActionInvoker|Action Filter: After executing OnActionExecuted on filter Microsoft.AspNetCore.Mvc.ModelBinding.UnsupportedContentTypeFilter. 
2022-07-01 15:49:17.2494|0|TRACE|Microsoft.AspNetCore.Mvc.Infrastructure.ControllerActionInvoker|Result Filter: Before executing OnResultExecuting on filter Microsoft.AspNetCore.Mvc.Infrastructure.ClientErrorResultFilter. 
2022-07-01 15:49:17.2494|0|TRACE|Microsoft.AspNetCore.Mvc.Infrastructure.ControllerActionInvoker|Result Filter: After executing OnResultExecuting on filter Microsoft.AspNetCore.Mvc.Infrastructure.ClientErrorResultFilter. 
2022-07-01 15:49:17.2494|0|TRACE|Microsoft.AspNetCore.Mvc.Infrastructure.ControllerActionInvoker|Before executing action result Microsoft.AspNetCore.Mvc.OkObjectResult. 
2022-07-01 15:49:17.2537|0|DEBUG|Microsoft.AspNetCore.Mvc.Infrastructure.DefaultOutputFormatterSelector|List of registered output formatters, in the following order: Microsoft.AspNetCore.Mvc.Formatters.HttpNoContentOutputFormatter, Microsoft.AspNetCore.Mvc.Formatters.StringOutputFormatter, Microsoft.AspNetCore.Mvc.Formatters.StreamOutputFormatter, Microsoft.AspNetCore.Mvc.Formatters.SystemTextJsonOutputFormatter 
2022-07-01 15:49:17.2537|0|DEBUG|Microsoft.AspNetCore.Mvc.Infrastructure.DefaultOutputFormatterSelector|No information found on request to perform content negotiation. 
2022-07-01 15:49:17.2537|0|DEBUG|Microsoft.AspNetCore.Mvc.Infrastructure.DefaultOutputFormatterSelector|Attempting to select an output formatter without using a content type as no explicit content types were specified for the response. 
2022-07-01 15:49:17.2537|0|DEBUG|Microsoft.AspNetCore.Mvc.Infrastructure.DefaultOutputFormatterSelector|Attempting to select the first formatter in the output formatters list which can write the result. 
2022-07-01 15:49:17.2537|0|DEBUG|Microsoft.AspNetCore.Mvc.Infrastructure.DefaultOutputFormatterSelector|Selected output formatter 'Microsoft.AspNetCore.Mvc.Formatters.StringOutputFormatter' and content type 'text/plain' to write the response. 
2022-07-01 15:49:17.2537|0|INFO|Microsoft.AspNetCore.Mvc.Infrastructure.ObjectResultExecutor|Executing OkObjectResult, writing value of type 'System.String'. 
2022-07-01 15:49:17.2537|0|TRACE|Microsoft.AspNetCore.Mvc.Infrastructure.ControllerActionInvoker|After executing action result Microsoft.AspNetCore.Mvc.OkObjectResult. 
2022-07-01 15:49:17.2537|0|TRACE|Microsoft.AspNetCore.Mvc.Infrastructure.ControllerActionInvoker|Result Filter: Before executing OnResultExecuted on filter Microsoft.AspNetCore.Mvc.Infrastructure.ClientErrorResultFilter. 
2022-07-01 15:49:17.2537|0|TRACE|Microsoft.AspNetCore.Mvc.Infrastructure.ControllerActionInvoker|Result Filter: After executing OnResultExecuted on filter Microsoft.AspNetCore.Mvc.Infrastructure.ClientErrorResultFilter. 
2022-07-01 15:49:17.2537|0|INFO|Microsoft.AspNetCore.Mvc.Infrastructure.ControllerActionInvoker|Executed action ResourceApi.Controllers.TestsController.GetTests (ResourceApi) in 2070.9194ms 
2022-07-01 15:49:17.2537|0|INFO|Microsoft.AspNetCore.Routing.EndpointMiddleware|Executed endpoint 'ResourceApi.Controllers.TestsController.GetTests (ResourceApi)' 
2022-07-01 15:49:17.2537|0|DEBUG|Microsoft.EntityFrameworkCore.Infrastructure|'AppDbContext' disposed. 
2022-07-01 15:49:17.2537|0|INFO|Microsoft.AspNetCore.Hosting.Diagnostics|Request finished HTTP/1.1 GET http://localhost:9410/api/Tests/GetTests/0 - - - 200 - text/plain;+charset=utf-8 2427.0030ms 
2022-07-01 15:49:25.6114|0|INFO|Microsoft.AspNetCore.Hosting.Diagnostics|Request starting HTTP/1.1 OPTIONS http://localhost:9410/api/Tests/GetTests/0 - - 
2022-07-01 15:49:25.6114|0|TRACE|Microsoft.AspNetCore.HostFiltering.HostFilteringMiddleware|All hosts are allowed. 
2022-07-01 15:49:25.6114|0|DEBUG|Microsoft.AspNetCore.StaticFiles.StaticFileMiddleware|OPTIONS requests are not supported 
2022-07-01 15:49:25.6114|0|DEBUG|Microsoft.AspNetCore.Routing.Matching.DfaMatcher|1 candidate(s) found for the request path '/api/Tests/GetTests/0' 
2022-07-01 15:49:25.6114|0|DEBUG|Microsoft.AspNetCore.Routing.EndpointRoutingMiddleware|Request matched endpoint '405 HTTP Method Not Supported' 
2022-07-01 15:49:25.6114|0|DEBUG|Microsoft.AspNetCore.Cors.Infrastructure.CorsService|The request has an origin header: 'http://localhost:4200'. 
2022-07-01 15:49:25.6114|0|INFO|Microsoft.AspNetCore.Cors.Infrastructure.CorsService|CORS policy execution successful. 
2022-07-01 15:49:25.6114|0|DEBUG|Microsoft.AspNetCore.Cors.Infrastructure.CorsService|The request is a preflight request. 
2022-07-01 15:49:25.6114|0|INFO|Microsoft.AspNetCore.Hosting.Diagnostics|Request finished HTTP/1.1 OPTIONS http://localhost:9410/api/Tests/GetTests/0 - - - 204 - - 1.5794ms 
2022-07-01 15:49:25.6167|0|INFO|Microsoft.AspNetCore.Hosting.Diagnostics|Request starting HTTP/1.1 GET http://localhost:9410/api/Tests/GetTests/0 - - 
2022-07-01 15:49:25.6167|0|TRACE|Microsoft.AspNetCore.HostFiltering.HostFilteringMiddleware|All hosts are allowed. 
2022-07-01 15:49:25.6167|0|DEBUG|Microsoft.AspNetCore.StaticFiles.StaticFileMiddleware|The request path  does not match the path filter 
2022-07-01 15:49:25.6167|0|DEBUG|Microsoft.AspNetCore.Routing.Matching.DfaMatcher|1 candidate(s) found for the request path '/api/Tests/GetTests/0' 
2022-07-01 15:49:25.6167|0|DEBUG|Microsoft.AspNetCore.Routing.Matching.DfaMatcher|Endpoint 'ResourceApi.Controllers.TestsController.GetTests (ResourceApi)' with route pattern 'api/Tests/GetTests/{page}' is valid for the request path '/api/Tests/GetTests/0' 
2022-07-01 15:49:25.6167|0|DEBUG|Microsoft.AspNetCore.Routing.EndpointRoutingMiddleware|Request matched endpoint 'ResourceApi.Controllers.TestsController.GetTests (ResourceApi)' 
2022-07-01 15:49:25.6167|0|DEBUG|Microsoft.AspNetCore.Cors.Infrastructure.CorsService|The request has an origin header: 'http://localhost:4200'. 
2022-07-01 15:49:25.6167|0|INFO|Microsoft.AspNetCore.Cors.Infrastructure.CorsService|CORS policy execution successful. 
2022-07-01 15:49:25.6724|0|INFO|Microsoft.AspNetCore.Authentication.JwtBearer.JwtBearerHandler|Successfully validated the token. 
2022-07-01 15:49:25.6724|0|DEBUG|Microsoft.AspNetCore.Authentication.JwtBearer.JwtBearerHandler|AuthenticationScheme: Bearer was successfully authenticated. 
2022-07-01 15:49:25.6724|0|INFO|Microsoft.AspNetCore.Routing.EndpointMiddleware|Executing endpoint 'ResourceApi.Controllers.TestsController.GetTests (ResourceApi)' 
2022-07-01 15:49:25.6724|0|INFO|Microsoft.AspNetCore.Mvc.Infrastructure.ControllerActionInvoker|Route matched with {action = "GetTests", controller = "Tests"}. Executing controller action with signature System.Threading.Tasks.Task`1[Microsoft.AspNetCore.Mvc.IActionResult] GetTests(System.String, Int32) on controller ResourceApi.Controllers.TestsController (ResourceApi). 
2022-07-01 15:49:25.6752|0|DEBUG|Microsoft.AspNetCore.Mvc.Infrastructure.ControllerActionInvoker|Execution plan of authorization filters (in the following order): None 
2022-07-01 15:49:25.6752|0|DEBUG|Microsoft.AspNetCore.Mvc.Infrastructure.ControllerActionInvoker|Execution plan of resource filters (in the following order): None 
2022-07-01 15:49:25.6752|0|DEBUG|Microsoft.AspNetCore.Mvc.Infrastructure.ControllerActionInvoker|Execution plan of action filters (in the following order): Microsoft.AspNetCore.Mvc.ModelBinding.UnsupportedContentTypeFilter (Order: -3000), Microsoft.AspNetCore.Mvc.Infrastructure.ModelStateInvalidFilter (Order: -2000) 
2022-07-01 15:49:25.6752|0|DEBUG|Microsoft.AspNetCore.Mvc.Infrastructure.ControllerActionInvoker|Execution plan of exception filters (in the following order): None 
2022-07-01 15:49:25.6752|0|DEBUG|Microsoft.AspNetCore.Mvc.Infrastructure.ControllerActionInvoker|Execution plan of result filters (in the following order): Microsoft.AspNetCore.Mvc.Infrastructure.ClientErrorResultFilter (Order: -2000) 
2022-07-01 15:49:25.6752|0|DEBUG|Microsoft.AspNetCore.Mvc.Infrastructure.ControllerActionInvoker|Executing controller factory for controller ResourceApi.Controllers.TestsController (ResourceApi) 
2022-07-01 15:49:25.6752|0|DEBUG|Microsoft.AspNetCore.Mvc.Infrastructure.ControllerActionInvoker|Executed controller factory for controller ResourceApi.Controllers.TestsController (ResourceApi) 
2022-07-01 15:49:25.6752|0|DEBUG|Microsoft.AspNetCore.Mvc.ModelBinding.ParameterBinder|Attempting to bind parameter 'category' of type 'System.String' ... 
2022-07-01 15:49:25.6752|0|DEBUG|Microsoft.AspNetCore.Mvc.ModelBinding.Binders.SimpleTypeModelBinder|Attempting to bind parameter 'category' of type 'System.String' using the name '' in request data ... 
2022-07-01 15:49:25.6752|0|DEBUG|Microsoft.AspNetCore.Mvc.ModelBinding.Binders.SimpleTypeModelBinder|Could not find a value in the request with name '' for binding parameter 'category' of type 'System.String'. 
2022-07-01 15:49:25.6752|0|DEBUG|Microsoft.AspNetCore.Mvc.ModelBinding.Binders.SimpleTypeModelBinder|Done attempting to bind parameter 'category' of type 'System.String'. 
2022-07-01 15:49:25.6752|0|DEBUG|Microsoft.AspNetCore.Mvc.ModelBinding.ParameterBinder|Done attempting to bind parameter 'category' of type 'System.String'. 
2022-07-01 15:49:25.6752|0|DEBUG|Microsoft.AspNetCore.Mvc.ModelBinding.ParameterBinder|Attempting to validate the bound parameter 'category' of type 'System.String' ... 
2022-07-01 15:49:25.6752|0|DEBUG|Microsoft.AspNetCore.Mvc.ModelBinding.ParameterBinder|Done attempting to validate the bound parameter 'category' of type 'System.String'. 
2022-07-01 15:49:25.6752|0|DEBUG|Microsoft.AspNetCore.Mvc.ModelBinding.ParameterBinder|Attempting to bind parameter 'page' of type 'System.Int32' ... 
2022-07-01 15:49:25.6752|0|DEBUG|Microsoft.AspNetCore.Mvc.ModelBinding.Binders.SimpleTypeModelBinder|Attempting to bind parameter 'page' of type 'System.Int32' using the name 'page' in request data ... 
2022-07-01 15:49:25.6752|0|DEBUG|Microsoft.AspNetCore.Mvc.ModelBinding.Binders.SimpleTypeModelBinder|Done attempting to bind parameter 'page' of type 'System.Int32'. 
2022-07-01 15:49:25.6752|0|DEBUG|Microsoft.AspNetCore.Mvc.ModelBinding.ParameterBinder|Done attempting to bind parameter 'page' of type 'System.Int32'. 
2022-07-01 15:49:25.6752|0|DEBUG|Microsoft.AspNetCore.Mvc.ModelBinding.ParameterBinder|Attempting to validate the bound parameter 'page' of type 'System.Int32' ... 
2022-07-01 15:49:25.6752|0|DEBUG|Microsoft.AspNetCore.Mvc.ModelBinding.ParameterBinder|Done attempting to validate the bound parameter 'page' of type 'System.Int32'. 
2022-07-01 15:49:25.6752|0|TRACE|Microsoft.AspNetCore.Mvc.Infrastructure.ControllerActionInvoker|Action Filter: Before executing OnActionExecuting on filter Microsoft.AspNetCore.Mvc.ModelBinding.UnsupportedContentTypeFilter. 
2022-07-01 15:49:25.6752|0|TRACE|Microsoft.AspNetCore.Mvc.Infrastructure.ControllerActionInvoker|Action Filter: After executing OnActionExecuting on filter Microsoft.AspNetCore.Mvc.ModelBinding.UnsupportedContentTypeFilter. 
2022-07-01 15:49:25.6752|0|TRACE|Microsoft.AspNetCore.Mvc.Infrastructure.ControllerActionInvoker|Action Filter: Before executing OnActionExecuting on filter Microsoft.AspNetCore.Mvc.Infrastructure.ModelStateInvalidFilter. 
2022-07-01 15:49:25.6752|0|TRACE|Microsoft.AspNetCore.Mvc.Infrastructure.ControllerActionInvoker|Action Filter: After executing OnActionExecuting on filter Microsoft.AspNetCore.Mvc.Infrastructure.ModelStateInvalidFilter. 
2022-07-01 15:49:25.6752|0|INFO|Microsoft.AspNetCore.Mvc.Infrastructure.ControllerActionInvoker|Executing action method ResourceApi.Controllers.TestsController.GetTests (ResourceApi) - Validation state: Valid 
2022-07-01 15:49:25.6752|0|TRACE|Microsoft.AspNetCore.Mvc.Infrastructure.ControllerActionInvoker|Executing action method ResourceApi.Controllers.TestsController.GetTests (ResourceApi) with arguments (, 0) 
2022-07-01 15:49:25.7162|0|INFO|Microsoft.EntityFrameworkCore.Infrastructure|Entity Framework Core 5.0.17 initialized 'AppDbContext' using provider 'Microsoft.EntityFrameworkCore.SqlServer' with options: None 
2022-07-01 15:49:25.7162|0|DEBUG|Microsoft.EntityFrameworkCore.Database.Command|Creating DbCommand for 'ExecuteReader'. 
2022-07-01 15:49:25.7162|0|DEBUG|Microsoft.EntityFrameworkCore.Database.Command|Created DbCommand for 'ExecuteReader' (0ms). 
2022-07-01 15:49:25.7162|0|DEBUG|Microsoft.EntityFrameworkCore.Database.Connection|Opening connection to database 'ResourceDb' on server '(localdb)\mssqllocaldb'. 
2022-07-01 15:49:25.7162|0|DEBUG|Microsoft.EntityFrameworkCore.Database.Connection|Opened connection to database 'ResourceDb' on server '(localdb)\mssqllocaldb'. 
2022-07-01 15:49:25.7162|0|DEBUG|Microsoft.EntityFrameworkCore.Database.Command|Executing DbCommand [Parameters=[@__p_0='?' (DbType = Int32), @__p_1='?' (DbType = Int32)], CommandType='Text', CommandTimeout='30']
SELECT [t].[Id], [t].[ActiveHelps], [t].[AvtorId], [t].[CreatedDate], [t].[Description], [t].[LogoImagPath], [t].[QuestsCount], [t].[Title]
FROM [testModels] AS [t]
ORDER BY (SELECT 1)
OFFSET @__p_0 ROWS FETCH NEXT @__p_1 ROWS ONLY 
2022-07-01 15:49:25.7270|0|INFO|Microsoft.EntityFrameworkCore.Database.Command|Executed DbCommand (8ms) [Parameters=[@__p_0='?' (DbType = Int32), @__p_1='?' (DbType = Int32)], CommandType='Text', CommandTimeout='30']
SELECT [t].[Id], [t].[ActiveHelps], [t].[AvtorId], [t].[CreatedDate], [t].[Description], [t].[LogoImagPath], [t].[QuestsCount], [t].[Title]
FROM [testModels] AS [t]
ORDER BY (SELECT 1)
OFFSET @__p_0 ROWS FETCH NEXT @__p_1 ROWS ONLY 
2022-07-01 15:49:25.7270|0|DEBUG|Microsoft.EntityFrameworkCore.ChangeTracking|Context 'AppDbContext' started tracking 'TestModel' entity. Consider using 'DbContextOptionsBuilder.EnableSensitiveDataLogging' to see key values. 
2022-07-01 15:49:25.7270|0|DEBUG|Microsoft.EntityFrameworkCore.ChangeTracking|Context 'AppDbContext' started tracking 'TestModel' entity. Consider using 'DbContextOptionsBuilder.EnableSensitiveDataLogging' to see key values. 
2022-07-01 15:49:25.7270|0|DEBUG|Microsoft.EntityFrameworkCore.ChangeTracking|Context 'AppDbContext' started tracking 'TestModel' entity. Consider using 'DbContextOptionsBuilder.EnableSensitiveDataLogging' to see key values. 
2022-07-01 15:49:25.7270|0|DEBUG|Microsoft.EntityFrameworkCore.ChangeTracking|Context 'AppDbContext' started tracking 'TestModel' entity. Consider using 'DbContextOptionsBuilder.EnableSensitiveDataLogging' to see key values. 
2022-07-01 15:49:25.7270|0|DEBUG|Microsoft.EntityFrameworkCore.Database.Command|A data reader was disposed. 
2022-07-01 15:49:25.7270|0|DEBUG|Microsoft.EntityFrameworkCore.Database.Connection|Closing connection to database 'ResourceDb' on server '(localdb)\mssqllocaldb'. 
2022-07-01 15:49:25.7270|0|DEBUG|Microsoft.EntityFrameworkCore.Database.Connection|Closed connection to database 'ResourceDb' on server '(localdb)\mssqllocaldb'. 
2022-07-01 15:49:25.7270|0|INFO|Microsoft.AspNetCore.Mvc.Infrastructure.ControllerActionInvoker|Executed action method ResourceApi.Controllers.TestsController.GetTests (ResourceApi), returned result Microsoft.AspNetCore.Mvc.OkObjectResult in 52.1806ms. 
2022-07-01 15:49:25.7270|0|TRACE|Microsoft.AspNetCore.Mvc.Infrastructure.ControllerActionInvoker|Action Filter: Before executing OnActionExecuted on filter Microsoft.AspNetCore.Mvc.Infrastructure.ModelStateInvalidFilter. 
2022-07-01 15:49:25.7270|0|TRACE|Microsoft.AspNetCore.Mvc.Infrastructure.ControllerActionInvoker|Action Filter: After executing OnActionExecuted on filter Microsoft.AspNetCore.Mvc.Infrastructure.ModelStateInvalidFilter. 
2022-07-01 15:49:25.7270|0|TRACE|Microsoft.AspNetCore.Mvc.Infrastructure.ControllerActionInvoker|Action Filter: Before executing OnActionExecuted on filter Microsoft.AspNetCore.Mvc.ModelBinding.UnsupportedContentTypeFilter. 
2022-07-01 15:49:25.7270|0|TRACE|Microsoft.AspNetCore.Mvc.Infrastructure.ControllerActionInvoker|Action Filter: After executing OnActionExecuted on filter Microsoft.AspNetCore.Mvc.ModelBinding.UnsupportedContentTypeFilter. 
2022-07-01 15:49:25.7270|0|TRACE|Microsoft.AspNetCore.Mvc.Infrastructure.ControllerActionInvoker|Result Filter: Before executing OnResultExecuting on filter Microsoft.AspNetCore.Mvc.Infrastructure.ClientErrorResultFilter. 
2022-07-01 15:49:25.7270|0|TRACE|Microsoft.AspNetCore.Mvc.Infrastructure.ControllerActionInvoker|Result Filter: After executing OnResultExecuting on filter Microsoft.AspNetCore.Mvc.Infrastructure.ClientErrorResultFilter. 
2022-07-01 15:49:25.7270|0|TRACE|Microsoft.AspNetCore.Mvc.Infrastructure.ControllerActionInvoker|Before executing action result Microsoft.AspNetCore.Mvc.OkObjectResult. 
2022-07-01 15:49:25.7270|0|DEBUG|Microsoft.AspNetCore.Mvc.Infrastructure.DefaultOutputFormatterSelector|List of registered output formatters, in the following order: Microsoft.AspNetCore.Mvc.Formatters.HttpNoContentOutputFormatter, Microsoft.AspNetCore.Mvc.Formatters.StringOutputFormatter, Microsoft.AspNetCore.Mvc.Formatters.StreamOutputFormatter, Microsoft.AspNetCore.Mvc.Formatters.SystemTextJsonOutputFormatter 
2022-07-01 15:49:25.7270|0|DEBUG|Microsoft.AspNetCore.Mvc.Infrastructure.DefaultOutputFormatterSelector|No information found on request to perform content negotiation. 
2022-07-01 15:49:25.7270|0|DEBUG|Microsoft.AspNetCore.Mvc.Infrastructure.DefaultOutputFormatterSelector|Attempting to select an output formatter without using a content type as no explicit content types were specified for the response. 
2022-07-01 15:49:25.7270|0|DEBUG|Microsoft.AspNetCore.Mvc.Infrastructure.DefaultOutputFormatterSelector|Attempting to select the first formatter in the output formatters list which can write the result. 
2022-07-01 15:49:25.7270|0|DEBUG|Microsoft.AspNetCore.Mvc.Infrastructure.DefaultOutputFormatterSelector|Selected output formatter 'Microsoft.AspNetCore.Mvc.Formatters.StringOutputFormatter' and content type 'text/plain' to write the response. 
2022-07-01 15:49:25.7270|0|INFO|Microsoft.AspNetCore.Mvc.Infrastructure.ObjectResultExecutor|Executing OkObjectResult, writing value of type 'System.String'. 
2022-07-01 15:49:25.7270|0|TRACE|Microsoft.AspNetCore.Mvc.Infrastructure.ControllerActionInvoker|After executing action result Microsoft.AspNetCore.Mvc.OkObjectResult. 
2022-07-01 15:49:25.7270|0|TRACE|Microsoft.AspNetCore.Mvc.Infrastructure.ControllerActionInvoker|Result Filter: Before executing OnResultExecuted on filter Microsoft.AspNetCore.Mvc.Infrastructure.ClientErrorResultFilter. 
2022-07-01 15:49:25.7270|0|TRACE|Microsoft.AspNetCore.Mvc.Infrastructure.ControllerActionInvoker|Result Filter: After executing OnResultExecuted on filter Microsoft.AspNetCore.Mvc.Infrastructure.ClientErrorResultFilter. 
2022-07-01 15:49:25.7270|0|INFO|Microsoft.AspNetCore.Mvc.Infrastructure.ControllerActionInvoker|Executed action ResourceApi.Controllers.TestsController.GetTests (ResourceApi) in 55.1648ms 
2022-07-01 15:49:25.7270|0|INFO|Microsoft.AspNetCore.Routing.EndpointMiddleware|Executed endpoint 'ResourceApi.Controllers.TestsController.GetTests (ResourceApi)' 
2022-07-01 15:49:25.7270|0|DEBUG|Microsoft.EntityFrameworkCore.Infrastructure|'AppDbContext' disposed. 
2022-07-01 15:49:25.7270|0|INFO|Microsoft.AspNetCore.Hosting.Diagnostics|Request finished HTTP/1.1 GET http://localhost:9410/api/Tests/GetTests/0 - - - 200 - text/plain;+charset=utf-8 114.4195ms 
