2022-06-27 14:17:17.5993|0|INFO|Microsoft.Hosting.Lifetime|Application started. Press Ctrl+C to shut down. |url: |action: |Microsoft.Extensions.Hosting.Internal.ConsoleLifetime.OnApplicationStarted
2022-06-27 14:17:17.6337|0|INFO|Microsoft.Hosting.Lifetime|Hosting environment: Development |url: |action: |Microsoft.Extensions.Hosting.Internal.ConsoleLifetime.OnApplicationStarted
2022-06-27 14:17:17.6337|0|INFO|Microsoft.Hosting.Lifetime|Content root path: C:\Users\USER\Downloads\MicroServiscesApp\MicroServicesApp\ResourceApi |url: |action: |Microsoft.Extensions.Hosting.Internal.ConsoleLifetime.OnApplicationStarted
2022-06-27 14:19:04.3897|0|INFO|Microsoft.Hosting.Lifetime|Application started. Press Ctrl+C to shut down. |url: |action: |Microsoft.Extensions.Hosting.Internal.ConsoleLifetime.OnApplicationStarted
2022-06-27 14:19:04.4121|0|INFO|Microsoft.Hosting.Lifetime|Hosting environment: Development |url: |action: |Microsoft.Extensions.Hosting.Internal.ConsoleLifetime.OnApplicationStarted
2022-06-27 14:19:04.4121|0|INFO|Microsoft.Hosting.Lifetime|Content root path: C:\Users\USER\Downloads\MicroServiscesApp\MicroServicesApp\ResourceApi |url: |action: |Microsoft.Extensions.Hosting.Internal.ConsoleLifetime.OnApplicationStarted
2022-06-27 14:19:41.0276|0|WARN|Microsoft.EntityFrameworkCore.Query|The query uses a row limiting operator ('Skip'/'Take') without an 'OrderBy' operator. This may lead to unpredictable results. |url: http://localhost/api/Tests/GetTests/0|action: GetTests|Microsoft.EntityFrameworkCore.Diagnostics.EventDefinition.Log
2022-06-27 14:19:41.0276|0|WARN|Microsoft.EntityFrameworkCore.Query|The query uses a row limiting operator ('Skip'/'Take') without an 'OrderBy' operator. This may lead to unpredictable results. |url: http://localhost/api/Tests/GetTests/0|action: GetTests|Microsoft.EntityFrameworkCore.Diagnostics.EventDefinition.Log
2022-06-27 14:20:46.8723|0|ERROR|Microsoft.AspNetCore.Diagnostics.DeveloperExceptionPageMiddleware|An unhandled exception has occurred while executing the request. System.InvalidOperationException: Unable to resolve service for type 'IdentityApi.Data.Interfaces.IAccountRepository' while attempting to activate 'IdentityApi.Controllers.AuthController'.
   at Microsoft.Extensions.DependencyInjection.ActivatorUtilities.GetService(IServiceProvider sp, Type type, Type requiredBy, Boolean isDefaultParameterRequired)
   at lambda_method75(Closure , IServiceProvider , Object[] )
   at Microsoft.AspNetCore.Mvc.Controllers.ControllerActivatorProvider.<>c__DisplayClass4_0.<CreateActivator>b__0(ControllerContext controllerContext)
   at Microsoft.AspNetCore.Mvc.Controllers.ControllerFactoryProvider.<>c__DisplayClass5_0.<CreateControllerFactory>g__CreateController|0(ControllerContext controllerContext)
   at Microsoft.AspNetCore.Mvc.Infrastructure.ControllerActionInvoker.Next(State& next, Scope& scope, Object& state, Boolean& isCompleted)
   at Microsoft.AspNetCore.Mvc.Infrastructure.ControllerActionInvoker.InvokeInnerFilterAsync()
--- End of stack trace from previous location ---
   at Microsoft.AspNetCore.Mvc.Infrastructure.ResourceInvoker.<InvokeFilterPipelineAsync>g__Awaited|19_0(ResourceInvoker invoker, Task lastTask, State next, Scope scope, Object state, Boolean isCompleted)
   at Microsoft.AspNetCore.Mvc.Infrastructure.ResourceInvoker.<InvokeAsync>g__Logged|17_1(ResourceInvoker invoker)
   at Microsoft.AspNetCore.Routing.EndpointMiddleware.<Invoke>g__AwaitRequestTask|6_0(Endpoint endpoint, Task requestTask, ILogger logger)
   at Microsoft.AspNetCore.Authorization.AuthorizationMiddleware.Invoke(HttpContext context)
   at Microsoft.AspNetCore.Authentication.AuthenticationMiddleware.Invoke(HttpContext context)
   at Swashbuckle.AspNetCore.SwaggerUI.SwaggerUIMiddleware.Invoke(HttpContext httpContext)
   at Swashbuckle.AspNetCore.Swagger.SwaggerMiddleware.Invoke(HttpContext httpContext, ISwaggerProvider swaggerProvider)
   at Microsoft.AspNetCore.Diagnostics.DeveloperExceptionPageMiddleware.Invoke(HttpContext context)|url: http://localhost/api/Auth/api/Auth/Login|action: Login|Microsoft.AspNetCore.Diagnostics.DeveloperExceptionPageMiddleware.Invoke
2022-06-27 14:21:47.8674|0|INFO|Microsoft.Hosting.Lifetime|Application started. Press Ctrl+C to shut down. |url: |action: |Microsoft.Extensions.Hosting.Internal.ConsoleLifetime.OnApplicationStarted
2022-06-27 14:21:47.8898|0|INFO|Microsoft.Hosting.Lifetime|Hosting environment: Development |url: |action: |Microsoft.Extensions.Hosting.Internal.ConsoleLifetime.OnApplicationStarted
2022-06-27 14:21:47.8898|0|INFO|Microsoft.Hosting.Lifetime|Content root path: C:\Users\USER\Downloads\MicroServiscesApp\MicroServicesApp\ResourceApi |url: |action: |Microsoft.Extensions.Hosting.Internal.ConsoleLifetime.OnApplicationStarted
2022-06-27 14:22:12.9400|0|ERROR|Microsoft.AspNetCore.Diagnostics.DeveloperExceptionPageMiddleware|An unhandled exception has occurred while executing the request. System.InvalidOperationException: Unable to resolve service for type 'IdentityApi.Data.Interfaces.IAccountRepository' while attempting to activate 'IdentityApi.Controllers.AuthController'.
   at Microsoft.Extensions.DependencyInjection.ActivatorUtilities.GetService(IServiceProvider sp, Type type, Type requiredBy, Boolean isDefaultParameterRequired)
   at lambda_method10(Closure , IServiceProvider , Object[] )
   at Microsoft.AspNetCore.Mvc.Controllers.ControllerActivatorProvider.<>c__DisplayClass4_0.<CreateActivator>b__0(ControllerContext controllerContext)
   at Microsoft.AspNetCore.Mvc.Controllers.ControllerFactoryProvider.<>c__DisplayClass5_0.<CreateControllerFactory>g__CreateController|0(ControllerContext controllerContext)
   at Microsoft.AspNetCore.Mvc.Infrastructure.ControllerActionInvoker.Next(State& next, Scope& scope, Object& state, Boolean& isCompleted)
   at Microsoft.AspNetCore.Mvc.Infrastructure.ControllerActionInvoker.InvokeInnerFilterAsync()
--- End of stack trace from previous location ---
   at Microsoft.AspNetCore.Mvc.Infrastructure.ResourceInvoker.<InvokeFilterPipelineAsync>g__Awaited|19_0(ResourceInvoker invoker, Task lastTask, State next, Scope scope, Object state, Boolean isCompleted)
   at Microsoft.AspNetCore.Mvc.Infrastructure.ResourceInvoker.<InvokeAsync>g__Logged|17_1(ResourceInvoker invoker)
   at Microsoft.AspNetCore.Routing.EndpointMiddleware.<Invoke>g__AwaitRequestTask|6_0(Endpoint endpoint, Task requestTask, ILogger logger)
   at Microsoft.AspNetCore.Authorization.AuthorizationMiddleware.Invoke(HttpContext context)
   at Microsoft.AspNetCore.Authentication.AuthenticationMiddleware.Invoke(HttpContext context)
   at Swashbuckle.AspNetCore.SwaggerUI.SwaggerUIMiddleware.Invoke(HttpContext httpContext)
   at Swashbuckle.AspNetCore.Swagger.SwaggerMiddleware.Invoke(HttpContext httpContext, ISwaggerProvider swaggerProvider)
   at Microsoft.AspNetCore.Diagnostics.DeveloperExceptionPageMiddleware.Invoke(HttpContext context)|url: http://localhost/api/Auth/api/Auth/Login|action: Login|Microsoft.AspNetCore.Diagnostics.DeveloperExceptionPageMiddleware.Invoke
2022-06-27 14:25:46.2065|0|INFO|Microsoft.Hosting.Lifetime|Application started. Press Ctrl+C to shut down. |url: |action: |Microsoft.Extensions.Hosting.Internal.ConsoleLifetime.OnApplicationStarted
2022-06-27 14:25:46.2308|0|INFO|Microsoft.Hosting.Lifetime|Hosting environment: Development |url: |action: |Microsoft.Extensions.Hosting.Internal.ConsoleLifetime.OnApplicationStarted
2022-06-27 14:25:46.2308|0|INFO|Microsoft.Hosting.Lifetime|Content root path: C:\Users\USER\Downloads\MicroServiscesApp\MicroServicesApp\ResourceApi |url: |action: |Microsoft.Extensions.Hosting.Internal.ConsoleLifetime.OnApplicationStarted
2022-06-27 14:26:07.4361|0|ERROR|Microsoft.AspNetCore.Diagnostics.DeveloperExceptionPageMiddleware|An unhandled exception has occurred while executing the request. System.InvalidOperationException: Unable to resolve service for type 'IdentityApi.Data.Interfaces.IAccountRepository' while attempting to activate 'IdentityApi.Controllers.AuthController'.
   at Microsoft.Extensions.DependencyInjection.ActivatorUtilities.GetService(IServiceProvider sp, Type type, Type requiredBy, Boolean isDefaultParameterRequired)
   at lambda_method10(Closure , IServiceProvider , Object[] )
   at Microsoft.AspNetCore.Mvc.Controllers.ControllerActivatorProvider.<>c__DisplayClass4_0.<CreateActivator>b__0(ControllerContext controllerContext)
   at Microsoft.AspNetCore.Mvc.Controllers.ControllerFactoryProvider.<>c__DisplayClass5_0.<CreateControllerFactory>g__CreateController|0(ControllerContext controllerContext)
   at Microsoft.AspNetCore.Mvc.Infrastructure.ControllerActionInvoker.Next(State& next, Scope& scope, Object& state, Boolean& isCompleted)
   at Microsoft.AspNetCore.Mvc.Infrastructure.ControllerActionInvoker.InvokeInnerFilterAsync()
--- End of stack trace from previous location ---
   at Microsoft.AspNetCore.Mvc.Infrastructure.ResourceInvoker.<InvokeFilterPipelineAsync>g__Awaited|19_0(ResourceInvoker invoker, Task lastTask, State next, Scope scope, Object state, Boolean isCompleted)
   at Microsoft.AspNetCore.Mvc.Infrastructure.ResourceInvoker.<InvokeAsync>g__Logged|17_1(ResourceInvoker invoker)
   at Microsoft.AspNetCore.Routing.EndpointMiddleware.<Invoke>g__AwaitRequestTask|6_0(Endpoint endpoint, Task requestTask, ILogger logger)
   at Microsoft.AspNetCore.Authorization.AuthorizationMiddleware.Invoke(HttpContext context)
   at Microsoft.AspNetCore.Authentication.AuthenticationMiddleware.Invoke(HttpContext context)
   at Swashbuckle.AspNetCore.SwaggerUI.SwaggerUIMiddleware.Invoke(HttpContext httpContext)
   at Swashbuckle.AspNetCore.Swagger.SwaggerMiddleware.Invoke(HttpContext httpContext, ISwaggerProvider swaggerProvider)
   at Microsoft.AspNetCore.Diagnostics.DeveloperExceptionPageMiddleware.Invoke(HttpContext context)|url: http://localhost/api/Auth/api/Auth/Login|action: Login|Microsoft.AspNetCore.Diagnostics.DeveloperExceptionPageMiddleware.Invoke
2022-06-27 14:27:55.2159|0|INFO|Microsoft.Hosting.Lifetime|Application started. Press Ctrl+C to shut down. |url: |action: |Microsoft.Extensions.Hosting.Internal.ConsoleLifetime.OnApplicationStarted
2022-06-27 14:27:55.2709|0|INFO|Microsoft.Hosting.Lifetime|Hosting environment: Development |url: |action: |Microsoft.Extensions.Hosting.Internal.ConsoleLifetime.OnApplicationStarted
2022-06-27 14:27:55.2711|0|INFO|Microsoft.Hosting.Lifetime|Content root path: C:\Users\USER\Downloads\MicroServiscesApp\MicroServicesApp\ResourceApi |url: |action: |Microsoft.Extensions.Hosting.Internal.ConsoleLifetime.OnApplicationStarted
2022-06-27 14:28:03.2844|0|ERROR|Microsoft.AspNetCore.Diagnostics.DeveloperExceptionPageMiddleware|An unhandled exception has occurred while executing the request. System.InvalidOperationException: Unable to resolve service for type 'IdentityApi.Data.Interfaces.IAccountRepository' while attempting to activate 'IdentityApi.Controllers.AuthController'.
   at Microsoft.Extensions.DependencyInjection.ActivatorUtilities.GetService(IServiceProvider sp, Type type, Type requiredBy, Boolean isDefaultParameterRequired)
   at lambda_method10(Closure , IServiceProvider , Object[] )
   at Microsoft.AspNetCore.Mvc.Controllers.ControllerActivatorProvider.<>c__DisplayClass4_0.<CreateActivator>b__0(ControllerContext controllerContext)
   at Microsoft.AspNetCore.Mvc.Controllers.ControllerFactoryProvider.<>c__DisplayClass5_0.<CreateControllerFactory>g__CreateController|0(ControllerContext controllerContext)
   at Microsoft.AspNetCore.Mvc.Infrastructure.ControllerActionInvoker.Next(State& next, Scope& scope, Object& state, Boolean& isCompleted)
   at Microsoft.AspNetCore.Mvc.Infrastructure.ControllerActionInvoker.InvokeInnerFilterAsync()
--- End of stack trace from previous location ---
   at Microsoft.AspNetCore.Mvc.Infrastructure.ResourceInvoker.<InvokeFilterPipelineAsync>g__Awaited|19_0(ResourceInvoker invoker, Task lastTask, State next, Scope scope, Object state, Boolean isCompleted)
   at Microsoft.AspNetCore.Mvc.Infrastructure.ResourceInvoker.<InvokeAsync>g__Logged|17_1(ResourceInvoker invoker)
   at Microsoft.AspNetCore.Routing.EndpointMiddleware.<Invoke>g__AwaitRequestTask|6_0(Endpoint endpoint, Task requestTask, ILogger logger)
   at Microsoft.AspNetCore.Authorization.AuthorizationMiddleware.Invoke(HttpContext context)
   at Microsoft.AspNetCore.Authentication.AuthenticationMiddleware.Invoke(HttpContext context)
   at Swashbuckle.AspNetCore.SwaggerUI.SwaggerUIMiddleware.Invoke(HttpContext httpContext)
   at Swashbuckle.AspNetCore.Swagger.SwaggerMiddleware.Invoke(HttpContext httpContext, ISwaggerProvider swaggerProvider)
   at Microsoft.AspNetCore.Diagnostics.DeveloperExceptionPageMiddleware.Invoke(HttpContext context)|url: http://localhost/api/Auth/api/Auth/Login|action: Login|Microsoft.AspNetCore.Diagnostics.DeveloperExceptionPageMiddleware.Invoke
2022-06-27 20:24:35.4644|0|INFO|Microsoft.Hosting.Lifetime|Application started. Press Ctrl+C to shut down. |url: |action: |Microsoft.Extensions.Hosting.Internal.ConsoleLifetime.OnApplicationStarted
2022-06-27 20:24:35.4975|0|INFO|Microsoft.Hosting.Lifetime|Hosting environment: Development |url: |action: |Microsoft.Extensions.Hosting.Internal.ConsoleLifetime.OnApplicationStarted
2022-06-27 20:24:35.4975|0|INFO|Microsoft.Hosting.Lifetime|Content root path: C:\Users\USER\Downloads\MicroServiscesApp\MicroServicesApp\ResourceApi |url: |action: |Microsoft.Extensions.Hosting.Internal.ConsoleLifetime.OnApplicationStarted
2022-06-27 20:25:59.9603|0|INFO|Microsoft.Hosting.Lifetime|Application started. Press Ctrl+C to shut down. |url: |action: |Microsoft.Extensions.Hosting.Internal.ConsoleLifetime.OnApplicationStarted
2022-06-27 20:26:00.0027|0|INFO|Microsoft.Hosting.Lifetime|Hosting environment: Development |url: |action: |Microsoft.Extensions.Hosting.Internal.ConsoleLifetime.OnApplicationStarted
2022-06-27 20:26:00.0027|0|INFO|Microsoft.Hosting.Lifetime|Content root path: C:\Users\USER\Downloads\MicroServiscesApp\MicroServicesApp\ResourceApi |url: |action: |Microsoft.Extensions.Hosting.Internal.ConsoleLifetime.OnApplicationStarted
2022-06-27 20:26:12.7746|0|WARN|Microsoft.EntityFrameworkCore.Query|The query uses a row limiting operator ('Skip'/'Take') without an 'OrderBy' operator. This may lead to unpredictable results. |url: http://localhost/api/Tests/GetTests/0|action: GetTests|Microsoft.EntityFrameworkCore.Diagnostics.EventDefinition.Log
2022-06-27 20:26:12.7746|0|WARN|Microsoft.EntityFrameworkCore.Query|The query uses a row limiting operator ('Skip'/'Take') without an 'OrderBy' operator. This may lead to unpredictable results. |url: http://localhost/api/Tests/GetTests/0|action: GetTests|Microsoft.EntityFrameworkCore.Diagnostics.EventDefinition.Log
2022-06-27 20:50:44.5251|0|WARN|Microsoft.EntityFrameworkCore.Query|The query uses a row limiting operator ('Skip'/'Take') without an 'OrderBy' operator. This may lead to unpredictable results. |url: http://localhost/api/Tests/GetTestsByAvtor/0|action: GetTestsByAvtor|Microsoft.EntityFrameworkCore.Diagnostics.EventDefinition.Log
2022-06-27 20:50:44.5251|0|WARN|Microsoft.EntityFrameworkCore.Query|The query uses a row limiting operator ('Skip'/'Take') without an 'OrderBy' operator. This may lead to unpredictable results. |url: http://localhost/api/Tests/GetTestsByAvtor/0|action: GetTestsByAvtor|Microsoft.EntityFrameworkCore.Diagnostics.EventDefinition.Log
2022-06-27 20:50:47.9077|0|INFO|ResourceApi.Controllers.QuestsController|Function GetQuests 6/27/2022 8:50:47 PM input data [testId:4] |url: http://localhost/api/Quests/4|action: GetQuests|ResourceApi.Controllers.QuestsController.GetQuests
2022-06-27 20:50:57.6562|0|INFO|ResourceApi.Controllers.QuestsController|Function GetQuests 6/27/2022 8:50:57 PM input data [testId:4] |url: http://localhost/api/Quests/4|action: GetQuests|ResourceApi.Controllers.QuestsController.GetQuests
2022-06-27 20:51:29.9892|0|INFO|Microsoft.Hosting.Lifetime|Application started. Press Ctrl+C to shut down. |url: |action: |Microsoft.Extensions.Hosting.Internal.ConsoleLifetime.OnApplicationStarted
2022-06-27 20:51:30.0174|0|INFO|Microsoft.Hosting.Lifetime|Hosting environment: Development |url: |action: |Microsoft.Extensions.Hosting.Internal.ConsoleLifetime.OnApplicationStarted
2022-06-27 20:51:30.0174|0|INFO|Microsoft.Hosting.Lifetime|Content root path: C:\Users\USER\Downloads\MicroServiscesApp\MicroServicesApp\ResourceApi |url: |action: |Microsoft.Extensions.Hosting.Internal.ConsoleLifetime.OnApplicationStarted
2022-06-27 20:51:39.3288|0|WARN|Microsoft.EntityFrameworkCore.Query|The query uses a row limiting operator ('Skip'/'Take') without an 'OrderBy' operator. This may lead to unpredictable results. |url: http://localhost/api/Tests/GetTestsByAvtor/0|action: GetTestsByAvtor|Microsoft.EntityFrameworkCore.Diagnostics.EventDefinition.Log
2022-06-27 20:51:39.3288|0|WARN|Microsoft.EntityFrameworkCore.Query|The query uses a row limiting operator ('Skip'/'Take') without an 'OrderBy' operator. This may lead to unpredictable results. |url: http://localhost/api/Tests/GetTestsByAvtor/0|action: GetTestsByAvtor|Microsoft.EntityFrameworkCore.Diagnostics.EventDefinition.Log
2022-06-27 20:51:40.3030|0|INFO|ResourceApi.Controllers.QuestsController|Function GetQuests 6/27/2022 8:51:40 PM input data [testId:4] |url: http://localhost/api/Quests/4|action: GetQuests|ResourceApi.Controllers.QuestsController.GetQuests
2022-06-27 20:52:41.0837|0|INFO|ResourceApi.Controllers.QuestsController|Function GetQuests 6/27/2022 8:52:41 PM input data [testId:4] |url: http://localhost/api/Quests/4|action: GetQuests|ResourceApi.Controllers.QuestsController.GetQuests
2022-06-27 20:52:52.5079|0|INFO|ResourceApi.Controllers.QuestsController|Function GetQuests 6/27/2022 8:52:52 PM input data [testId:4] |url: http://localhost/api/Quests/4|action: GetQuests|ResourceApi.Controllers.QuestsController.GetQuests
2022-06-27 20:55:23.1578|0|INFO|ResourceApi.Controllers.QuestsController|Function GetQuests 6/27/2022 8:55:23 PM input data [testId:4] |url: http://localhost/api/Quests/4|action: GetQuests|ResourceApi.Controllers.QuestsController.GetQuests
2022-06-27 20:55:48.9470|0|INFO|ResourceApi.Controllers.QuestsController|Function GetQuests 6/27/2022 8:55:48 PM input data [testId:4] |url: http://localhost/api/Quests/4|action: GetQuests|ResourceApi.Controllers.QuestsController.GetQuests
2022-06-27 20:55:55.1510|0|INFO|ResourceApi.Controllers.QuestsController|Function GetQuests 6/27/2022 8:55:55 PM input data [testId:4] |url: http://localhost/api/Quests/4|action: GetQuests|ResourceApi.Controllers.QuestsController.GetQuests
2022-06-27 20:56:00.7118|0|INFO|ResourceApi.Controllers.QuestsController|Function GetQuests 6/27/2022 8:56:00 PM input data [testId:4] |url: http://localhost/api/Quests/4|action: GetQuests|ResourceApi.Controllers.QuestsController.GetQuests
2022-06-27 20:56:15.5383|0|INFO|ResourceApi.Controllers.QuestsController|Function GetQuests 6/27/2022 8:56:15 PM input data [testId:4] |url: http://localhost/api/Quests/4|action: GetQuests|ResourceApi.Controllers.QuestsController.GetQuests
2022-06-27 20:57:13.3553|0|INFO|ResourceApi.Controllers.QuestsController|Function GetQuests 6/27/2022 8:57:13 PM input data [testId:4] |url: http://localhost/api/Quests/4|action: GetQuests|ResourceApi.Controllers.QuestsController.GetQuests
2022-06-27 20:57:26.7565|0|INFO|ResourceApi.Controllers.QuestsController|Function GetQuests 6/27/2022 8:57:26 PM input data [testId:4] |url: http://localhost/api/Quests/4|action: GetQuests|ResourceApi.Controllers.QuestsController.GetQuests
2022-06-27 20:59:46.2456|0|INFO|ResourceApi.Controllers.QuestsController|Function GetQuests 6/27/2022 8:59:46 PM input data [testId:4] |url: http://localhost/api/Quests/4|action: GetQuests|ResourceApi.Controllers.QuestsController.GetQuests
2022-06-27 21:01:12.6788|0|INFO|ResourceApi.Controllers.QuestsController|Function GetQuests 6/27/2022 9:01:12 PM input data [testId:4] |url: http://localhost/api/Quests/4|action: GetQuests|ResourceApi.Controllers.QuestsController.GetQuests
2022-06-27 21:01:18.0303|0|INFO|ResourceApi.Controllers.QuestsController|Function GetQuests 6/27/2022 9:01:18 PM input data [testId:4] |url: http://localhost/api/Quests/4|action: GetQuests|ResourceApi.Controllers.QuestsController.GetQuests
2022-06-27 21:01:23.8057|0|INFO|ResourceApi.Controllers.QuestsController|Function GetQuests 6/27/2022 9:01:23 PM input data [testId:4] |url: http://localhost/api/Quests/4|action: GetQuests|ResourceApi.Controllers.QuestsController.GetQuests
2022-06-27 21:01:30.7732|0|INFO|ResourceApi.Controllers.QuestsController|Function GetQuests 6/27/2022 9:01:30 PM input data [testId:4] |url: http://localhost/api/Quests/4|action: GetQuests|ResourceApi.Controllers.QuestsController.GetQuests
2022-06-27 21:02:23.2437|0|INFO|ResourceApi.Controllers.QuestsController|Function GetQuests 6/27/2022 9:02:23 PM input data [testId:4] |url: http://localhost/api/Quests/4|action: GetQuests|ResourceApi.Controllers.QuestsController.GetQuests
2022-06-27 21:02:32.9591|0|INFO|ResourceApi.Controllers.QuestsController|Function GetQuests 6/27/2022 9:02:32 PM input data [testId:4] |url: http://localhost/api/Quests/4|action: GetQuests|ResourceApi.Controllers.QuestsController.GetQuests
2022-06-27 21:02:56.9160|0|INFO|ResourceApi.Controllers.QuestsController|Function GetQuests 6/27/2022 9:02:56 PM input data [testId:4] |url: http://localhost/api/Quests/4|action: GetQuests|ResourceApi.Controllers.QuestsController.GetQuests
2022-06-27 21:03:01.3260|0|INFO|ResourceApi.Controllers.QuestsController|Function GetQuests 6/27/2022 9:03:01 PM input data [testId:4] |url: http://localhost/api/Quests/4|action: GetQuests|ResourceApi.Controllers.QuestsController.GetQuests
2022-06-27 21:03:16.4972|0|WARN|ResourceApi.Controllers.QuestsController|Function DeleteQuest 6/27/2022 9:03:16 PM quest == null inputData [id:14] |url: http://localhost/api/Quests/14|action: DeleteQuest|ResourceApi.Controllers.QuestsController.DeleteQuest
2022-06-27 21:03:23.9493|0|INFO|ResourceApi.Controllers.QuestsController|Function GetQuests 6/27/2022 9:03:23 PM input data [testId:4] |url: http://localhost/api/Quests/4|action: GetQuests|ResourceApi.Controllers.QuestsController.GetQuests
2022-06-27 21:04:06.2710|0|INFO|ResourceApi.Controllers.QuestsController|Function GetQuests 6/27/2022 9:04:06 PM input data [testId:4] |url: http://localhost/api/Quests/4|action: GetQuests|ResourceApi.Controllers.QuestsController.GetQuests
2022-06-27 21:06:55.9148|0|INFO|ResourceApi.Controllers.QuestsController|Function GetQuests 6/27/2022 9:06:55 PM input data [testId:4] |url: http://localhost/api/Quests/4|action: GetQuests|ResourceApi.Controllers.QuestsController.GetQuests
2022-06-27 21:07:08.6819|0|INFO|ResourceApi.Controllers.QuestsController|Function GetQuests 6/27/2022 9:07:08 PM input data [testId:4] |url: http://localhost/api/Quests/4|action: GetQuests|ResourceApi.Controllers.QuestsController.GetQuests
2022-06-27 21:08:59.0542|0|INFO|ResourceApi.Controllers.QuestsController|Function GetQuests 6/27/2022 9:08:59 PM input data [testId:4] |url: http://localhost/api/Quests/4|action: GetQuests|ResourceApi.Controllers.QuestsController.GetQuests
2022-06-27 21:09:33.8345|0|INFO|ResourceApi.Controllers.QuestsController|Function GetQuests 6/27/2022 9:09:33 PM input data [testId:4] |url: http://localhost/api/Quests/4|action: GetQuests|ResourceApi.Controllers.QuestsController.GetQuests
2022-06-27 21:10:23.5697|0|INFO|ResourceApi.Controllers.QuestsController|Function GetQuests 6/27/2022 9:10:23 PM input data [testId:4] |url: http://localhost/api/Quests/4|action: GetQuests|ResourceApi.Controllers.QuestsController.GetQuests
2022-06-27 21:10:28.9586|0|INFO|ResourceApi.Controllers.QuestsController|Function GetQuests 6/27/2022 9:10:28 PM input data [testId:4] |url: http://localhost/api/Quests/4|action: GetQuests|ResourceApi.Controllers.QuestsController.GetQuests
2022-06-27 21:10:52.8392|0|INFO|ResourceApi.Controllers.QuestsController|Function GetQuests 6/27/2022 9:10:52 PM input data [testId:4] |url: http://localhost/api/Quests/4|action: GetQuests|ResourceApi.Controllers.QuestsController.GetQuests
2022-06-27 21:10:56.2266|0|INFO|ResourceApi.Controllers.QuestsController|Function GetQuests 6/27/2022 9:10:56 PM input data [testId:4] |url: http://localhost/api/Quests/4|action: GetQuests|ResourceApi.Controllers.QuestsController.GetQuests
2022-06-27 21:11:00.1213|0|INFO|ResourceApi.Controllers.QuestsController|Function GetQuests 6/27/2022 9:11:00 PM input data [testId:4] |url: http://localhost/api/Quests/4|action: GetQuests|ResourceApi.Controllers.QuestsController.GetQuests
2022-06-27 21:11:34.3662|0|INFO|ResourceApi.Controllers.QuestsController|Function GetQuests 6/27/2022 9:11:34 PM input data [testId:4] |url: http://localhost/api/Quests/4|action: GetQuests|ResourceApi.Controllers.QuestsController.GetQuests
2022-06-27 21:11:45.2304|0|INFO|ResourceApi.Controllers.QuestsController|Function GetQuests 6/27/2022 9:11:45 PM input data [testId:4] |url: http://localhost/api/Quests/4|action: GetQuests|ResourceApi.Controllers.QuestsController.GetQuests
2022-06-27 21:12:07.0244|0|INFO|ResourceApi.Controllers.QuestsController|Function GetQuests 6/27/2022 9:12:07 PM input data [testId:4] |url: http://localhost/api/Quests/4|action: GetQuests|ResourceApi.Controllers.QuestsController.GetQuests
2022-06-27 21:12:10.4435|0|INFO|ResourceApi.Controllers.QuestsController|Function GetQuests 6/27/2022 9:12:10 PM input data [testId:4] |url: http://localhost/api/Quests/4|action: GetQuests|ResourceApi.Controllers.QuestsController.GetQuests
2022-06-27 21:12:54.3009|0|INFO|Microsoft.Hosting.Lifetime|Application started. Press Ctrl+C to shut down. |url: |action: |Microsoft.Extensions.Hosting.Internal.ConsoleLifetime.OnApplicationStarted
2022-06-27 21:12:54.3258|0|INFO|Microsoft.Hosting.Lifetime|Hosting environment: Development |url: |action: |Microsoft.Extensions.Hosting.Internal.ConsoleLifetime.OnApplicationStarted
2022-06-27 21:12:54.3258|0|INFO|Microsoft.Hosting.Lifetime|Content root path: C:\Users\USER\Downloads\MicroServiscesApp\MicroServicesApp\ResourceApi |url: |action: |Microsoft.Extensions.Hosting.Internal.ConsoleLifetime.OnApplicationStarted
2022-06-27 21:13:01.7362|0|WARN|Microsoft.EntityFrameworkCore.Query|The query uses a row limiting operator ('Skip'/'Take') without an 'OrderBy' operator. This may lead to unpredictable results. |url: http://localhost/api/Tests/GetTestsByAvtor/0|action: GetTestsByAvtor|Microsoft.EntityFrameworkCore.Diagnostics.EventDefinition.Log
2022-06-27 21:13:01.7414|0|WARN|Microsoft.EntityFrameworkCore.Query|The query uses a row limiting operator ('Skip'/'Take') without an 'OrderBy' operator. This may lead to unpredictable results. |url: http://localhost/api/Tests/GetTestsByAvtor/0|action: GetTestsByAvtor|Microsoft.EntityFrameworkCore.Diagnostics.EventDefinition.Log
2022-06-27 21:13:04.8207|0|INFO|ResourceApi.Controllers.QuestsController|Function GetQuests 6/27/2022 9:13:04 PM input data [testId:4] |url: http://localhost/api/Quests/4|action: GetQuests|ResourceApi.Controllers.QuestsController.GetQuests
2022-06-27 21:13:35.1799|0|INFO|ResourceApi.Controllers.QuestsController|Function GetQuests 6/27/2022 9:13:35 PM input data [testId:4] |url: http://localhost/api/Quests/4|action: GetQuests|ResourceApi.Controllers.QuestsController.GetQuests
2022-06-27 21:13:49.9441|0|INFO|ResourceApi.Controllers.QuestsController|Function GetQuests 6/27/2022 9:13:49 PM input data [testId:4] |url: http://localhost/api/Quests/4|action: GetQuests|ResourceApi.Controllers.QuestsController.GetQuests
2022-06-27 21:14:03.5452|0|INFO|ResourceApi.Controllers.QuestsController|Function GetQuests 6/27/2022 9:14:03 PM input data [testId:4] |url: http://localhost/api/Quests/4|action: GetQuests|ResourceApi.Controllers.QuestsController.GetQuests
2022-06-27 21:14:07.0841|0|INFO|ResourceApi.Controllers.QuestsController|Function GetQuests 6/27/2022 9:14:07 PM input data [testId:4] |url: http://localhost/api/Quests/4|action: GetQuests|ResourceApi.Controllers.QuestsController.GetQuests
2022-06-27 21:14:37.4326|0|INFO|ResourceApi.Controllers.QuestsController|Function GetQuests 6/27/2022 9:14:37 PM input data [testId:4] |url: http://localhost/api/Quests/4|action: GetQuests|ResourceApi.Controllers.QuestsController.GetQuests
2022-06-27 21:14:42.5221|0|INFO|ResourceApi.Controllers.QuestsController|Function GetQuests 6/27/2022 9:14:42 PM input data [testId:4] |url: http://localhost/api/Quests/4|action: GetQuests|ResourceApi.Controllers.QuestsController.GetQuests
2022-06-27 21:15:09.7451|0|INFO|ResourceApi.Controllers.QuestsController|Function GetQuests 6/27/2022 9:15:09 PM input data [testId:4] |url: http://localhost/api/Quests/4|action: GetQuests|ResourceApi.Controllers.QuestsController.GetQuests
2022-06-27 21:15:23.6077|0|INFO|ResourceApi.Controllers.QuestsController|Function GetQuests 6/27/2022 9:15:23 PM input data [testId:4] |url: http://localhost/api/Quests/4|action: GetQuests|ResourceApi.Controllers.QuestsController.GetQuests
2022-06-27 21:15:27.0523|0|INFO|ResourceApi.Controllers.QuestsController|Function GetQuests 6/27/2022 9:15:27 PM input data [testId:4] |url: http://localhost/api/Quests/4|action: GetQuests|ResourceApi.Controllers.QuestsController.GetQuests
2022-06-27 21:17:44.2696|0|INFO|Microsoft.Hosting.Lifetime|Application started. Press Ctrl+C to shut down. |url: |action: |Microsoft.Extensions.Hosting.Internal.ConsoleLifetime.OnApplicationStarted
2022-06-27 21:17:44.3244|0|INFO|Microsoft.Hosting.Lifetime|Hosting environment: Development |url: |action: |Microsoft.Extensions.Hosting.Internal.ConsoleLifetime.OnApplicationStarted
2022-06-27 21:17:44.3244|0|INFO|Microsoft.Hosting.Lifetime|Content root path: C:\Users\USER\Downloads\MicroServiscesApp\MicroServicesApp\ResourceApi |url: |action: |Microsoft.Extensions.Hosting.Internal.ConsoleLifetime.OnApplicationStarted
2022-06-27 21:18:03.7736|0|WARN|Microsoft.EntityFrameworkCore.Query|The query uses a row limiting operator ('Skip'/'Take') without an 'OrderBy' operator. This may lead to unpredictable results. |url: http://localhost/api/Tests/GetTestsByAvtor/0|action: GetTestsByAvtor|Microsoft.EntityFrameworkCore.Diagnostics.EventDefinition.Log
2022-06-27 21:18:03.7736|0|WARN|Microsoft.EntityFrameworkCore.Query|The query uses a row limiting operator ('Skip'/'Take') without an 'OrderBy' operator. This may lead to unpredictable results. |url: http://localhost/api/Tests/GetTestsByAvtor/0|action: GetTestsByAvtor|Microsoft.EntityFrameworkCore.Diagnostics.EventDefinition.Log
